#
# A fatal error has been detected by the Java Runtime Environment:
#
#  EXCEPTION_ACCESS_VIOLATION (0xc0000005) at pc=0x00000000693ca940, pid=1560, tid=0x000000000000129c
#
# JRE version: OpenJDK Runtime Environment (8.0_152-b06) (build 1.8.0_152-release-1136-b06)
# Java VM: OpenJDK 64-Bit Server VM (25.152-b06 mixed mode windows-amd64 compressed oops)
# Problematic frame:
# V  [jvm.dll+0x8a940]
#
# Failed to write core dump. Minidumps are not enabled by default on client versions of Windows
#
# If you would like to submit a bug report, please visit:
#   http://bugreport.java.com/bugreport/crash.jsp
#

---------------  T H R E A D  ---------------

Current thread (0x00000000022ee800):  GCTaskThread [stack: 0x0000000012070000,0x0000000012170000] [id=4764]

siginfo: ExceptionCode=0xc0000005, reading address 0x000000006e6d7574

Registers:
RAX=0x0000000000000000, RBX=0x00000000f7f7b9d8, RCX=0x00000000f7f7b9d8, RDX=0x000000006e6d756c
RSP=0x000000001216f3f8, RBP=0x0000000011bc3601, RSI=0x00000000550766c0, RDI=0x00000000c66bee08
R8 =0x00000000550766c0, R9 =0x00000000ceb4ff10, R10=0x000000000000000c, R11=0x000000000000000c
R12=0x0000000011bc35f5, R13=0x6f43617461442474, R14=0x0000000000000000, R15=0x00000000022e5e20
RIP=0x00000000693ca940, EFLAGS=0x0000000000010206

Top of Stack: (sp=0x000000001216f3f8)
0x000000001216f3f8:   000000006970ca32 00000000f77987a0
0x000000001216f408:   00000000550766c0 00000000550766c0
0x000000001216f418:   0000000069b05aa0 00000000fb57ad50
0x000000001216f428:   0000000000001000 00000000ceb7a2a8
0x000000001216f438:   0000000000000400 0000000000000000
0x000000001216f448:   0000000055076600 0000000011bc35f5
0x000000001216f458:   000000006970cda0 00000000c66bea88
0x000000001216f468:   0000000011bc3601 00000000550766c0
0x000000001216f478:   00000000c66bee08 00000000c66bea88
0x000000001216f488:   000000006970d945 00000000f7b38ba8
0x000000001216f498:   0000000011bbee01 00000000550766c0
0x000000001216f4a8:   000007fefd6b1203 000000001216f568
0x000000001216f4b8:   0000000000470000 0000000000000000
0x000000001216f4c8:   000000006942f747 00000000550766c0
0x000000001216f4d8:   000000006942d903 00000000c667a5d9
0x000000001216f4e8:   00000000c667a5d9 00000000c66bed50 

Instructions: (pc=0x00000000693ca940)
0x00000000693ca920:   ac 50 1d 00 48 8b 9c 24 c0 00 00 00 48 81 c4 b0
0x00000000693ca930:   00 00 00 5d c3 cc cc cc cc cc cc cc cc cc cc cc
0x00000000693ca940:   44 8b 42 08 4c 8b ca 45 85 c0 7e 0e 41 f6 c0 01
0x00000000693ca950:   75 57 41 c1 f8 03 41 8b c0 c3 79 4d 80 3d 9e 10 


Register to memory mapping:

RAX=0x0000000000000000 is an unknown value
RBX=0x00000000f7f7b9d8 is an oop

[error occurred during error reporting (printing register info), id 0xc0000005]

Stack: [0x0000000012070000,0x0000000012170000],  sp=0x000000001216f3f8,  free space=1020k
Native frames: (J=compiled Java code, j=interpreted, Vv=VM code, C=native code)
V  [jvm.dll+0x8a940]


---------------  P R O C E S S  ---------------

Java Threads: ( => current thread )
  0x000000005b629800 JavaThread "Cache worker for Java compile cache (D:\sanjaya\BMH Projects\SPApp_SAS\.gradle\4.6\javaCompile)" [_thread_blocked, id=4284, stack(0x0000000062990000,0x0000000062a90000)]
  0x0000000058515000 JavaThread "Task worker for ':' Thread 3" [_thread_blocked, id=6116, stack(0x0000000060b80000,0x0000000060c80000)]
  0x0000000058514800 JavaThread "Task worker for ':' Thread 2" [_thread_blocked, id=1928, stack(0x0000000062aa0000,0x0000000062ba0000)]
  0x0000000058513800 JavaThread "Task worker for ':'" [_thread_blocked, id=5020, stack(0x0000000060a80000,0x0000000060b80000)]
  0x0000000058513000 JavaThread "Cache worker for Build Output Cleanup Cache (D:\sanjaya\BMH Projects\SPApp_SAS\.gradle\buildOutputCleanup)" [_thread_blocked, id=5768, stack(0x000000005f980000,0x000000005fa80000)]
  0x0000000058512000 JavaThread "Cache worker for task history cache (D:\sanjaya\BMH Projects\SPApp_SAS\.gradle\4.6\taskHistory)" [_thread_blocked, id=5500, stack(0x00000000625c0000,0x00000000626c0000)]
  0x0000000058511800 JavaThread "Cache worker for file content cache (D:\sanjaya\BMH Projects\SPApp_SAS\.gradle\4.6\fileContent)" [_thread_blocked, id=3348, stack(0x0000000061e80000,0x0000000061f80000)]
  0x000000005850d000 JavaThread "Memory manager" [_thread_blocked, id=5012, stack(0x000000005fa90000,0x000000005fb90000)]
  0x000000005850b800 JavaThread "Build operations Thread 4" [_thread_blocked, id=3768, stack(0x000000005f210000,0x000000005f310000)]
  0x000000005850a800 JavaThread "Build operations Thread 3" [_thread_blocked, id=5304, stack(0x000000005edf0000,0x000000005eef0000)]
  0x000000005850a000 JavaThread "Build operations Thread 2" [_thread_blocked, id=5204, stack(0x000000005ebe0000,0x000000005ece0000)]
  0x0000000058509000 JavaThread "Build operations" [_thread_blocked, id=3004, stack(0x000000005eab0000,0x000000005ebb0000)]
  0x0000000058508800 JavaThread "Cache worker for Artifact transforms cache (C:\Users\Sanjaya_Verma\.gradle\caches\transforms-1)" [_thread_blocked, id=4316, stack(0x000000005e9b0000,0x000000005eab0000)]
  0x0000000058bf0800 JavaThread "Cache worker for file hash cache (D:\sanjaya\BMH Projects\SPApp_SAS\.gradle\4.6\fileHashes)" [_thread_blocked, id=5936, stack(0x0000000057af0000,0x0000000057bf0000)]
  0x0000000059227800 JavaThread "File lock request listener" [_thread_in_native, id=5148, stack(0x000000005a980000,0x000000005aa80000)]
  0x0000000058805000 JavaThread "Cache worker for file hash cache (C:\Users\Sanjaya_Verma\.gradle\caches\4.6\fileHashes)" [_thread_blocked, id=2444, stack(0x000000005ac40000,0x000000005ad40000)]
  0x000000005845c000 JavaThread "Stdin handler" [_thread_blocked, id=940, stack(0x000000005aac0000,0x000000005abc0000)]
  0x000000005845b000 JavaThread "Asynchronous log dispatcher for DefaultDaemonConnection: socket connection from /127.0.0.1:56009 to /127.0.0.1:56010" [_thread_blocked, id=4728, stack(0x000000005a860000,0x000000005a960000)]
  0x000000005846f800 JavaThread "Daemon worker" [_thread_blocked, id=3568, stack(0x0000000059fb0000,0x000000005a0b0000)]
  0x000000005846f000 JavaThread "Cancel handler" [_thread_blocked, id=2960, stack(0x000000005a6c0000,0x000000005a7c0000)]
  0x0000000058562800 JavaThread "Handler for socket connection from /127.0.0.1:56009 to /127.0.0.1:56010" [_thread_in_native, id=4676, stack(0x000000005a370000,0x000000005a470000)]
  0x0000000057257800 JavaThread "Daemon" [_thread_blocked, id=5164, stack(0x000000005a200000,0x000000005a300000)]
  0x00000000580af000 JavaThread "Daemon periodic checks" [_thread_blocked, id=5388, stack(0x000000005a0d0000,0x000000005a1d0000)]
  0x0000000058fbb000 JavaThread "Incoming local TCP Connector on port 56009" [_thread_in_native, id=1144, stack(0x0000000056390000,0x0000000056490000)]
  0x0000000056f5b800 JavaThread "Service Thread" daemon [_thread_blocked, id=4456, stack(0x00000000565f0000,0x00000000566f0000)]
  0x00000000550e4000 JavaThread "C1 CompilerThread2" daemon [_thread_blocked, id=5200, stack(0x0000000056df0000,0x0000000056ef0000)]
  0x00000000550e3000 JavaThread "C2 CompilerThread1" daemon [_thread_blocked, id=5664, stack(0x0000000056c40000,0x0000000056d40000)]
  0x00000000550dd000 JavaThread "C2 CompilerThread0" daemon [_thread_blocked, id=4432, stack(0x0000000056a40000,0x0000000056b40000)]
  0x00000000550ec800 JavaThread "Attach Listener" daemon [_thread_blocked, id=1120, stack(0x00000000568d0000,0x00000000569d0000)]
  0x00000000550eb800 JavaThread "Signal Dispatcher" daemon [_thread_blocked, id=6060, stack(0x0000000056720000,0x0000000056820000)]
  0x00000000550c8000 JavaThread "Finalizer" daemon [_thread_blocked, id=5544, stack(0x0000000056490000,0x0000000056590000)]
  0x0000000055081000 JavaThread "Reference Handler" daemon [_thread_blocked, id=3796, stack(0x0000000056280000,0x0000000056380000)]
  0x000000000044e800 JavaThread "main" [_thread_blocked, id=5412, stack(0x0000000002400000,0x0000000002500000)]

Other Threads:
  0x0000000055079800 VMThread [stack: 0x00000000560e0000,0x00000000561e0000] [id=3340]
  0x0000000056f5c000 WatcherThread [stack: 0x0000000056b40000,0x0000000056c40000] [id=3984]

=>0x00000000022ee800 (exited) GCTaskThread [stack: 0x0000000012070000,0x0000000012170000] [id=4764]

VM state:at safepoint (normal execution)

VM Mutex/Monitor currently owned by a thread:  ([mutex/lock_event])
[0x000000000044cca0] Threads_lock - owner thread: 0x0000000055079800
[0x000000000044d1a0] Heap_lock - owner thread: 0x0000000058515000

Heap:
 PSYoungGen      total 266240K, used 216946K [0x00000000eab00000, 0x0000000100000000, 0x0000000100000000)
  eden space 183296K, 100% used [0x00000000eab00000,0x00000000f5e00000,0x00000000f5e00000)
  from space 82944K, 40% used [0x00000000f5e00000,0x00000000f7edcaa8,0x00000000faf00000)
  to   space 78848K, 3% used [0x00000000fb300000,0x00000000fb5cad50,0x0000000100000000)
 ParOldGen       total 282624K, used 242232K [0x00000000c0000000, 0x00000000d1400000, 0x00000000eab00000)
  object space 282624K, 85% used [0x00000000c0000000,0x00000000cec902a8,0x00000000d1400000)
 Metaspace       used 74591K, capacity 76598K, committed 76928K, reserved 1116160K
  class space    used 9699K, capacity 10277K, committed 10368K, reserved 1048576K

Card table byte_map: [0x0000000011b90000,0x0000000011da0000] byte_map_base: 0x0000000011590000

Marking Bits: (ParMarkBitMap*) 0x0000000069b05aa0
 Begin Bits: [0x00000000124f0000, 0x00000000134f0000)
 End Bits:   [0x00000000134f0000, 0x00000000144f0000)

Polling page: 0x0000000000430000

CodeCache: size=245760Kb used=35544Kb max_used=36834Kb free=210215Kb
 bounds [0x00000000027d0000, 0x0000000004c40000, 0x00000000117d0000]
 total_blobs=11117 nmethods=10278 adapters=751
 compilation: enabled

Compilation events (10 events):
Event: 40.165 Thread 0x00000000550e4000 12548       2       com.sun.tools.javac.jvm.Items$Item::duplicate (1 bytes)
Event: 40.166 Thread 0x00000000550e4000 nmethod 12548 0x000000000476b050 code [0x000000000476b1a0, 0x000000000476b2f0]
Event: 40.186 Thread 0x00000000550e3000 nmethod 12440 0x0000000004308c50 code [0x0000000004308ea0, 0x0000000004309f30]
Event: 40.186 Thread 0x00000000550e3000 12462       4       java.util.EnumMap::put (10 bytes)
Event: 40.190 Thread 0x00000000550e3000 nmethod 12462 0x0000000004209f90 code [0x000000000420a0e0, 0x000000000420a2b8]
Event: 40.190 Thread 0x00000000550e3000 12483       4       com.sun.tools.javac.util.Bits::excl (72 bytes)
Event: 40.196 Thread 0x00000000550e3000 nmethod 12483 0x0000000004228010 code [0x0000000004228160, 0x0000000004228458]
Event: 40.196 Thread 0x00000000550e3000 12437       4       com.sun.tools.javac.comp.Flow$AssignAnalyzer::visitIdent (35 bytes)
Event: 40.205 Thread 0x00000000550e3000 nmethod 12437 0x00000000046bfb50 code [0x00000000046bfcc0, 0x00000000046bff98]
Event: 40.205 Thread 0x00000000550e3000 12550       4       com.sun.tools.javac.tree.TreeTranslator::translate (40 bytes)

GC Heap History (10 events):
Event: 26.001 GC heap after
Heap after GC invocations=15 (full 3):
 PSYoungGen      total 306176K, used 24548K [0x00000000eab00000, 0x0000000100000000, 0x0000000100000000)
  eden space 281600K, 0% used [0x00000000eab00000,0x00000000eab00000,0x00000000fbe00000)
  from space 24576K, 99% used [0x00000000fe800000,0x00000000ffff92e0,0x0000000100000000)
  to   space 33792K, 0% used [0x00000000fbe00000,0x00000000fbe00000,0x00000000fdf00000)
 ParOldGen       total 137216K, used 61517K [0x00000000c0000000, 0x00000000c8600000, 0x00000000eab00000)
  object space 137216K, 44% used [0x00000000c0000000,0x00000000c3c13508,0x00000000c8600000)
 Metaspace       used 65927K, capacity 67952K, committed 68224K, reserved 1107968K
  class space    used 8927K, capacity 9508K, committed 9600K, reserved 1048576K
}
Event: 29.232 GC heap before
{Heap before GC invocations=16 (full 3):
 PSYoungGen      total 306176K, used 306148K [0x00000000eab00000, 0x0000000100000000, 0x0000000100000000)
  eden space 281600K, 100% used [0x00000000eab00000,0x00000000fbe00000,0x00000000fbe00000)
  from space 24576K, 99% used [0x00000000fe800000,0x00000000ffff92e0,0x0000000100000000)
  to   space 33792K, 0% used [0x00000000fbe00000,0x00000000fbe00000,0x00000000fdf00000)
 ParOldGen       total 137216K, used 61517K [0x00000000c0000000, 0x00000000c8600000, 0x00000000eab00000)
  object space 137216K, 44% used [0x00000000c0000000,0x00000000c3c13508,0x00000000c8600000)
 Metaspace       used 71876K, capacity 73872K, committed 74240K, reserved 1114112K
  class space    used 9529K, capacity 10116K, committed 10240K, reserved 1048576K
Event: 29.386 GC heap after
Heap after GC invocations=16 (full 3):
 PSYoungGen      total 315392K, used 33780K [0x00000000eab00000, 0x0000000100000000, 0x0000000100000000)
  eden space 281600K, 0% used [0x00000000eab00000,0x00000000eab00000,0x00000000fbe00000)
  from space 33792K, 99% used [0x00000000fbe00000,0x00000000fdefd3e0,0x00000000fdf00000)
  to   space 33792K, 0% used [0x00000000fdf00000,0x00000000fdf00000,0x0000000100000000)
 ParOldGen       total 137216K, used 131598K [0x00000000c0000000, 0x00000000c8600000, 0x00000000eab00000)
  object space 137216K, 95% used [0x00000000c0000000,0x00000000c8083a58,0x00000000c8600000)
 Metaspace       used 71876K, capacity 73872K, committed 74240K, reserved 1114112K
  class space    used 9529K, capacity 10116K, committed 10240K, reserved 1048576K
}
Event: 29.386 GC heap before
{Heap before GC invocations=17 (full 4):
 PSYoungGen      total 315392K, used 33780K [0x00000000eab00000, 0x0000000100000000, 0x0000000100000000)
  eden space 281600K, 0% used [0x00000000eab00000,0x00000000eab00000,0x00000000fbe00000)
  from space 33792K, 99% used [0x00000000fbe00000,0x00000000fdefd3e0,0x00000000fdf00000)
  to   space 33792K, 0% used [0x00000000fdf00000,0x00000000fdf00000,0x0000000100000000)
 ParOldGen       total 137216K, used 131598K [0x00000000c0000000, 0x00000000c8600000, 0x00000000eab00000)
  object space 137216K, 95% used [0x00000000c0000000,0x00000000c8083a58,0x00000000c8600000)
 Metaspace       used 71876K, capacity 73872K, committed 74240K, reserved 1114112K
  class space    used 9529K, capacity 10116K, committed 10240K, reserved 1048576K
Event: 30.477 GC heap after
Heap after GC invocations=17 (full 4):
 PSYoungGen      total 315392K, used 17214K [0x00000000eab00000, 0x0000000100000000, 0x0000000100000000)
  eden space 281600K, 0% used [0x00000000eab00000,0x00000000eab00000,0x00000000fbe00000)
  from space 33792K, 50% used [0x00000000fbe00000,0x00000000fcecfb78,0x00000000fdf00000)
  to   space 33792K, 0% used [0x00000000fdf00000,0x00000000fdf00000,0x0000000100000000)
 ParOldGen       total 282624K, used 136713K [0x00000000c0000000, 0x00000000d1400000, 0x00000000eab00000)
  object space 282624K, 48% used [0x00000000c0000000,0x00000000c8582650,0x00000000d1400000)
 Metaspace       used 71876K, capacity 73872K, committed 74240K, reserved 1114112K
  class space    used 9529K, capacity 10116K, committed 10240K, reserved 1048576K
}
Event: 32.943 GC heap before
{Heap before GC invocations=18 (full 4):
 PSYoungGen      total 315392K, used 298814K [0x00000000eab00000, 0x0000000100000000, 0x0000000100000000)
  eden space 281600K, 100% used [0x00000000eab00000,0x00000000fbe00000,0x00000000fbe00000)
  from space 33792K, 50% used [0x00000000fbe00000,0x00000000fcecfb78,0x00000000fdf00000)
  to   space 33792K, 0% used [0x00000000fdf00000,0x00000000fdf00000,0x0000000100000000)
 ParOldGen       total 282624K, used 136713K [0x00000000c0000000, 0x00000000d1400000, 0x00000000eab00000)
  object space 282624K, 48% used [0x00000000c0000000,0x00000000c8582650,0x00000000d1400000)
 Metaspace       used 73144K, capacity 75120K, committed 75264K, reserved 1114112K
  class space    used 9622K, capacity 10212K, committed 10240K, reserved 1048576K
Event: 33.115 GC heap after
Heap after GC invocations=18 (full 4):
 PSYoungGen      total 217088K, used 33765K [0x00000000eab00000, 0x0000000100000000, 0x0000000100000000)
  eden space 183296K, 0% used [0x00000000eab00000,0x00000000eab00000,0x00000000f5e00000)
  from space 33792K, 99% used [0x00000000fdf00000,0x00000000ffff9518,0x0000000100000000)
  to   space 82944K, 0% used [0x00000000f5e00000,0x00000000f5e00000,0x00000000faf00000)
 ParOldGen       total 282624K, used 185741K [0x00000000c0000000, 0x00000000d1400000, 0x00000000eab00000)
  object space 282624K, 65% used [0x00000000c0000000,0x00000000cb563630,0x00000000d1400000)
 Metaspace       used 73144K, capacity 75120K, committed 75264K, reserved 1114112K
  class space    used 9622K, capacity 10212K, committed 10240K, reserved 1048576K
}
Event: 36.541 GC heap before
{Heap before GC invocations=19 (full 4):
 PSYoungGen      total 217088K, used 217061K [0x00000000eab00000, 0x0000000100000000, 0x0000000100000000)
  eden space 183296K, 100% used [0x00000000eab00000,0x00000000f5e00000,0x00000000f5e00000)
  from space 33792K, 99% used [0x00000000fdf00000,0x00000000ffff9518,0x0000000100000000)
  to   space 82944K, 0% used [0x00000000f5e00000,0x00000000f5e00000,0x00000000faf00000)
 ParOldGen       total 282624K, used 185741K [0x00000000c0000000, 0x00000000d1400000, 0x00000000eab00000)
  object space 282624K, 65% used [0x00000000c0000000,0x00000000cb563630,0x00000000d1400000)
 Metaspace       used 74446K, capacity 76470K, committed 76672K, reserved 1116160K
  class space    used 9698K, capacity 10277K, committed 10368K, reserved 1048576K
Event: 36.695 GC heap after
Heap after GC invocations=19 (full 4):
 PSYoungGen      total 266240K, used 33650K [0x00000000eab00000, 0x0000000100000000, 0x0000000100000000)
  eden space 183296K, 0% used [0x00000000eab00000,0x00000000eab00000,0x00000000f5e00000)
  from space 82944K, 40% used [0x00000000f5e00000,0x00000000f7edcaa8,0x00000000faf00000)
  to   space 78848K, 0% used [0x00000000fb300000,0x00000000fb300000,0x0000000100000000)
 ParOldGen       total 282624K, used 219140K [0x00000000c0000000, 0x00000000d1400000, 0x00000000eab00000)
  object space 282624K, 77% used [0x00000000c0000000,0x00000000cd601108,0x00000000d1400000)
 Metaspace       used 74446K, capacity 76470K, committed 76672K, reserved 1116160K
  class space    used 9698K, capacity 10277K, committed 10368K, reserved 1048576K
}
Event: 40.220 GC heap before
{Heap before GC invocations=20 (full 4):
 PSYoungGen      total 266240K, used 216946K [0x00000000eab00000, 0x0000000100000000, 0x0000000100000000)
  eden space 183296K, 100% used [0x00000000eab00000,0x00000000f5e00000,0x00000000f5e00000)
  from space 82944K, 40% used [0x00000000f5e00000,0x00000000f7edcaa8,0x00000000faf00000)
  to   space 78848K, 0% used [0x00000000fb300000,0x00000000fb300000,0x0000000100000000)
 ParOldGen       total 282624K, used 219140K [0x00000000c0000000, 0x00000000d1400000, 0x00000000eab00000)
  object space 282624K, 77% used [0x00000000c0000000,0x00000000cd601108,0x00000000d1400000)
 Metaspace       used 74591K, capacity 76598K, committed 76928K, reserved 1116160K
  class space    used 9699K, capacity 10277K, committed 10368K, reserved 1048576K

Deoptimization events (10 events):
Event: 38.928 Thread 0x0000000058515000 Uncommon trap: reason=bimorphic action=maybe_recompile pc=0x000000000483ef30 method=com.sun.tools.javac.code.Types$4.visitClassType(Lcom/sun/tools/javac/code/Type$ClassType;Lcom/sun/tools/javac/code/Type;)Ljava/lang/Boolean; @ 57
Event: 39.349 Thread 0x0000000058515000 Uncommon trap: reason=class_check action=maybe_recompile pc=0x0000000004beb058 method=com.sun.tools.javac.code.Types$SignatureGenerator.assembleSig(Lcom/sun/tools/javac/code/Type;)V @ 210
Event: 39.445 Thread 0x0000000058515000 Uncommon trap: reason=unstable_if action=reinterpret pc=0x0000000004118088 method=com.sun.tools.javac.code.Lint$AugmentVisitor.visitCompound(Lcom/sun/tools/javac/code/Attribute$Compound;)V @ 17
Event: 39.510 Thread 0x0000000058515000 Uncommon trap: reason=bimorphic action=maybe_recompile pc=0x0000000004c0ed8c method=com.sun.tools.javac.jvm.ClassWriter.needsLocalVariableTypeEntry(Lcom/sun/tools/javac/code/Type;)Z @ 20
Event: 39.514 Thread 0x0000000058515000 Uncommon trap: reason=bimorphic action=maybe_recompile pc=0x0000000004c0ed8c method=com.sun.tools.javac.jvm.ClassWriter.needsLocalVariableTypeEntry(Lcom/sun/tools/javac/code/Type;)Z @ 20
Event: 39.514 Thread 0x0000000058515000 Uncommon trap: reason=bimorphic action=maybe_recompile pc=0x0000000004c0ed8c method=com.sun.tools.javac.jvm.ClassWriter.needsLocalVariableTypeEntry(Lcom/sun/tools/javac/code/Type;)Z @ 20
Event: 39.514 Thread 0x0000000058515000 Uncommon trap: reason=bimorphic action=maybe_recompile pc=0x0000000004c0ed8c method=com.sun.tools.javac.jvm.ClassWriter.needsLocalVariableTypeEntry(Lcom/sun/tools/javac/code/Type;)Z @ 20
Event: 39.604 Thread 0x0000000058515000 Uncommon trap: reason=class_check action=maybe_recompile pc=0x000000000489e5b8 method=com.sun.tools.javac.code.Types.isAssignable(Lcom/sun/tools/javac/code/Type;Lcom/sun/tools/javac/code/Type;Lcom/sun/tools/javac/util/Warner;)Z @ 48
Event: 39.604 Thread 0x0000000058515000 Uncommon trap: reason=class_check action=maybe_recompile pc=0x000000000489e5b8 method=com.sun.tools.javac.code.Types.isAssignable(Lcom/sun/tools/javac/code/Type;Lcom/sun/tools/javac/code/Type;Lcom/sun/tools/javac/util/Warner;)Z @ 48
Event: 39.969 Thread 0x0000000058515000 Uncommon trap: reason=unstable_if action=reinterpret pc=0x00000000040cc07c method=com.sun.tools.javac.code.Symbol.hiddenInInternal(Lcom/sun/tools/javac/code/Symbol$ClassSymbol;Lcom/sun/tools/javac/code/Types;)Lcom/sun/tools/javac/code/Symbol; @ 40

Classes redefined (0 events):
No events

Internal exceptions (10 events):
Event: 22.311 Thread 0x0000000058515000 Implicit null exception at 0x0000000003d461dd to 0x0000000003d466f0
Event: 22.336 Thread 0x0000000058515000 Exception <a 'java/lang/ClassNotFoundException': java/lang/BooleanBeanInfo> (0x00000000f5cc12d8) thrown at [D:\src\AOSP-openjdk-cygwin\jdk8u\hotspot\src\share\vm\classfile\systemDictionary.cpp, line 210]
Event: 22.336 Thread 0x0000000058515000 Exception <a 'java/lang/ClassNotFoundException': java/lang/BooleanCustomizer> (0x00000000f5cc75d0) thrown at [D:\src\AOSP-openjdk-cygwin\jdk8u\hotspot\src\share\vm\classfile\systemDictionary.cpp, line 210]
Event: 22.339 Thread 0x0000000058515000 Exception <a 'java/lang/ClassNotFoundException': java/util/PropertiesBeanInfo> (0x00000000f5cf10e0) thrown at [D:\src\AOSP-openjdk-cygwin\jdk8u\hotspot\src\share\vm\classfile\systemDictionary.cpp, line 210]
Event: 22.340 Thread 0x0000000058515000 Exception <a 'java/lang/ClassNotFoundException': java/util/HashtableBeanInfo> (0x00000000f5cf7bb0) thrown at [D:\src\AOSP-openjdk-cygwin\jdk8u\hotspot\src\share\vm\classfile\systemDictionary.cpp, line 210]
Event: 22.340 Thread 0x0000000058515000 Exception <a 'java/lang/ClassNotFoundException': java/util/DictionaryBeanInfo> (0x00000000f5cfe680) thrown at [D:\src\AOSP-openjdk-cygwin\jdk8u\hotspot\src\share\vm\classfile\systemDictionary.cpp, line 210]
Event: 22.340 Thread 0x0000000058515000 Exception <a 'java/lang/ClassNotFoundException': java/util/DictionaryCustomizer> (0x00000000f5d053b8) thrown at [D:\src\AOSP-openjdk-cygwin\jdk8u\hotspot\src\share\vm\classfile\systemDictionary.cpp, line 210]
Event: 22.341 Thread 0x0000000058515000 Exception <a 'java/lang/ClassNotFoundException': java/util/HashtableCustomizer> (0x00000000f5d13940) thrown at [D:\src\AOSP-openjdk-cygwin\jdk8u\hotspot\src\share\vm\classfile\systemDictionary.cpp, line 210]
Event: 22.343 Thread 0x0000000058515000 Exception <a 'java/lang/ClassNotFoundException': java/util/PropertiesCustomizer> (0x00000000f5d3c4c8) thrown at [D:\src\AOSP-openjdk-cygwin\jdk8u\hotspot\src\share\vm\classfile\systemDictionary.cpp, line 210]
Event: 31.376 Thread 0x0000000058515000 Implicit null exception at 0x0000000003fcaac4 to 0x0000000003fcb891

Events (10 events):
Event: 39.981 Thread 0x00000000550e4000 flushing nmethod 0x0000000004754e50
Event: 39.981 Thread 0x00000000550e4000 flushing nmethod 0x0000000004757dd0
Event: 39.981 Thread 0x00000000550e4000 flushing nmethod 0x00000000047612d0
Event: 39.981 Thread 0x00000000550e4000 flushing nmethod 0x00000000047695d0
Event: 39.981 Thread 0x00000000550e4000 flushing nmethod 0x000000000476f0d0
Event: 39.982 Thread 0x00000000550e4000 flushing nmethod 0x0000000004797e90
Event: 39.982 Thread 0x00000000550e4000 flushing nmethod 0x00000000047d6fd0
Event: 40.051 Thread 0x0000000058515000 DEOPT PACKING pc=0x00000000029d6a70 sp=0x0000000060c7bb10
Event: 40.051 Thread 0x0000000058515000 DEOPT UNPACKING pc=0x00000000028175d0 sp=0x0000000060c7b960 mode 0
Event: 40.220 Executing VM operation: ParallelGCFailedAllocation


Dynamic libraries:
0x000000013f830000 - 0x000000013f861000 	C:\Program Files\Android\Android Studio\jre\bin\java.exe
0x0000000077400000 - 0x00000000775a9000 	C:\Windows\SYSTEM32\ntdll.dll
0x00000000771e0000 - 0x00000000772ff000 	C:\Windows\system32\kernel32.dll
0x000007fefd6b0000 - 0x000007fefd71b000 	C:\Windows\system32\KERNELBASE.dll
0x000007fefeff0000 - 0x000007feff0cb000 	C:\Windows\system32\ADVAPI32.dll
0x000007feff0d0000 - 0x000007feff16f000 	C:\Windows\system32\msvcrt.dll
0x000007feff3d0000 - 0x000007feff3ef000 	C:\Windows\SYSTEM32\sechost.dll
0x000007fefed90000 - 0x000007fefeebd000 	C:\Windows\system32\RPCRT4.dll
0x0000000077300000 - 0x00000000773fa000 	C:\Windows\system32\USER32.dll
0x000007fefed20000 - 0x000007fefed87000 	C:\Windows\system32\GDI32.dll
0x000007fefd8b0000 - 0x000007fefd8be000 	C:\Windows\system32\LPK.dll
0x000007fefebb0000 - 0x000007fefec79000 	C:\Windows\system32\USP10.dll
0x000007fefbdf0000 - 0x000007fefbfe4000 	C:\Windows\WinSxS\amd64_microsoft.windows.common-controls_6595b64144ccf1df_6.0.7601.17514_none_fa396087175ac9ac\COMCTL32.dll
0x000007feff690000 - 0x000007feff701000 	C:\Windows\system32\SHLWAPI.dll
0x000007fefe6b0000 - 0x000007fefe6de000 	C:\Windows\system32\IMM32.DLL
0x000007fefeaa0000 - 0x000007fefeba9000 	C:\Windows\system32\MSCTF.dll
0x0000000065d00000 - 0x0000000065dd2000 	C:\Program Files\Android\Android Studio\jre\jre\bin\msvcr100.dll
0x0000000069340000 - 0x0000000069b81000 	C:\Program Files\Android\Android Studio\jre\jre\bin\server\jvm.dll
0x000007fefb570000 - 0x000007fefb579000 	C:\Windows\system32\WSOCK32.dll
0x000007fefe6e0000 - 0x000007fefe72d000 	C:\Windows\system32\WS2_32.dll
0x000007fefd720000 - 0x000007fefd728000 	C:\Windows\system32\NSI.dll
0x000007fefaef0000 - 0x000007fefaf2b000 	C:\Windows\system32\WINMM.dll
0x000007fefc4b0000 - 0x000007fefc4bc000 	C:\Windows\system32\VERSION.dll
0x00000000775c0000 - 0x00000000775c7000 	C:\Windows\system32\PSAPI.DLL
0x000007fef84f0000 - 0x000007fef84ff000 	C:\Program Files\Android\Android Studio\jre\jre\bin\verify.dll
0x000007fef8470000 - 0x000007fef8499000 	C:\Program Files\Android\Android Studio\jre\jre\bin\java.dll
0x000007fef8450000 - 0x000007fef8466000 	C:\Program Files\Android\Android Studio\jre\jre\bin\zip.dll
0x000007fefd8c0000 - 0x000007fefe648000 	C:\Windows\system32\SHELL32.dll
0x000007fefe730000 - 0x000007fefe933000 	C:\Windows\system32\ole32.dll
0x000007fefd350000 - 0x000007fefd35f000 	C:\Windows\system32\profapi.dll
0x000007fef2ec0000 - 0x000007fef2eda000 	C:\Program Files\Android\Android Studio\jre\jre\bin\net.dll
0x000007fefcba0000 - 0x000007fefcbf5000 	C:\Windows\system32\mswsock.dll
0x000007fefcb90000 - 0x000007fefcb97000 	C:\Windows\System32\wship6.dll
0x000007feeaf30000 - 0x000007feeaf41000 	C:\Program Files\Android\Android Studio\jre\jre\bin\nio.dll
0x000007fefa390000 - 0x000007fefa3ae000 	C:\Users\Sanjaya_Verma\.gradle\native\25\windows-amd64\native-platform.dll
0x000007fef84e0000 - 0x000007fef84ed000 	C:\Program Files\Android\Android Studio\jre\jre\bin\management.dll
0x000007fefcc00000 - 0x000007fefcc17000 	C:\Windows\system32\CRYPTSP.dll
0x000007fefc900000 - 0x000007fefc947000 	C:\Windows\system32\rsaenh.dll
0x000007fefc6a0000 - 0x000007fefc6be000 	C:\Windows\system32\USERENV.dll
0x000007fefd280000 - 0x000007fefd28f000 	C:\Windows\system32\CRYPTBASE.dll
0x000007fefa800000 - 0x000007fefa827000 	C:\Windows\system32\IPHLPAPI.DLL
0x000007fefa7f0000 - 0x000007fefa7fb000 	C:\Windows\system32\WINNSI.DLL
0x000007fefa3f0000 - 0x000007fefa408000 	C:\Windows\system32\dhcpcsvc.DLL
0x000007fefa3d0000 - 0x000007fefa3e1000 	C:\Windows\system32\dhcpcsvc6.DLL
0x000007feea730000 - 0x000007feea754000 	C:\Program Files\Android\Android Studio\jre\jre\bin\sunec.dll
0x000007fefc580000 - 0x000007fefc587000 	C:\Windows\System32\wshtcpip.dll
0x000007fefca20000 - 0x000007fefca7b000 	C:\Windows\system32\DNSAPI.dll
0x000007fef8970000 - 0x000007fef8978000 	C:\Windows\system32\rasadhlp.dll
0x000007fefa490000 - 0x000007fefa4e3000 	C:\Windows\System32\fwpuclnt.dll
0x000007feeee90000 - 0x000007feeee9b000 	C:\Program Files\Android\Android Studio\jre\jre\bin\sunmscapi.dll
0x000007fefd400000 - 0x000007fefd567000 	C:\Windows\system32\CRYPT32.dll
0x000007fefd3f0000 - 0x000007fefd3ff000 	C:\Windows\system32\MSASN1.dll
0x000000006adc0000 - 0x000000006aeb2000 	C:\Users\Sanjaya_Verma\AppData\Local\Temp\room-6208ad79-4892-4e14-a4df-a92b40c8726c\sqlite-3.20.1-16ac4d08-e51e-49d2-86a5-9340f8d0942d-sqlitejdbc.dll
0x000007fef6920000 - 0x000007fef6a45000 	C:\Windows\system32\dbghelp.dll

VM Arguments:
jvm_args: -XX:+HeapDumpOnOutOfMemoryError -Xmx1024m -Dfile.encoding=windows-1252 -Duser.country=US -Duser.language=en -Duser.variant 
java_command: org.gradle.launcher.daemon.bootstrap.GradleDaemon 4.6
java_class_path (initial): C:\Users\Sanjaya_Verma\.gradle\wrapper\dists\gradle-4.6-all\bcst21l2brirad8k2ben1letg\gradle-4.6\lib\gradle-launcher-4.6.jar
Launcher Type: SUN_STANDARD

Environment Variables:
PATH=C:\Program Files (x86)\Common Files\Oracle\Java\javapath;C:\Program Files (x86)\Intel\iCLS Client\;C:\Program Files\Intel\iCLS Client\;C:\Windows\system32;C:\Windows;C:\Windows\System32\Wbem;C:\Windows\System32\WindowsPowerShell\v1.0\;C:\Program Files\Intel\Intel(R) Management Engine Components\DAL;C:\Program Files\Intel\Intel(R) Management Engine Components\IPT;C:\Program Files (x86)\Intel\Intel(R) Management Engine Components\DAL;C:\Program Files (x86)\Intel\Intel(R) Management Engine Components\IPT;C:\Program Files (x86)\Google\Chrome\Application;C:\Users\Sanjaya_Verma\AppData\Local\Programs\Git\cmd
USERNAME=Sanjaya_Verma
OS=Windows_NT
PROCESSOR_IDENTIFIER=Intel64 Family 6 Model 69 Stepping 1, GenuineIntel



---------------  S Y S T E M  ---------------

OS: Windows 7 , 64 bit Build 7601 (6.1.7601.17514)

CPU:total 4 (initial active 4) (2 cores per cpu, 2 threads per core) family 6 model 69 stepping 1, cmov, cx8, fxsr, mmx, sse, sse2, sse3, ssse3, sse4.1, sse4.2, popcnt, avx, avx2, aes, clmul, erms, lzcnt, ht, tsc, tscinvbit, bmi1, bmi2

Memory: 4k page, physical 8289844k(1997016k free), swap 16577844k(9976284k free)

vm_info: OpenJDK 64-Bit Server VM (25.152-b06) for windows-amd64 JRE (1.8.0_152-release-1136-b06), built by "builder" with MS VC++ 10.0 (VS2010)

time: Sat Dec 01 13:55:18 2018
elapsed time: 40 seconds (0d 0h 0m 40s)

