#
# A fatal error has been detected by the Java Runtime Environment:
#
#  EXCEPTION_ACCESS_VIOLATION (0xc0000005) at pc=0x00000000693ca940, pid=1928, tid=0x000000000000139c
#
# JRE version: OpenJDK Runtime Environment (8.0_152-b06) (build 1.8.0_152-release-1136-b06)
# Java VM: OpenJDK 64-Bit Server VM (25.152-b06 mixed mode windows-amd64 compressed oops)
# Problematic frame:
# V  [jvm.dll+0x8a940]
#
# Failed to write core dump. Minidumps are not enabled by default on client versions of Windows
#
# If you would like to submit a bug report, please visit:
#   http://bugreport.java.com/bugreport/crash.jsp
#

---------------  T H R E A D  ---------------

Current thread (0x000000000226d000):  GCTaskThread [stack: 0x0000000012120000,0x0000000012220000] [id=5020]

siginfo: ExceptionCode=0xc0000005, reading address 0x000000001596ba40

Registers:
RAX=0x0000000000000001, RBX=0x00000000ff544a80, RCX=0x00000000ff544a80, RDX=0x000000001596ba38
RSP=0x000000001221f878, RBP=0x0000000011dc4f81, RSI=0x0000000055146540, RDI=0x00000000e09eed48
R8 =0x0000000055146540, R9 =0x0000000000000056, R10=0xff544a28c2aba530, R11=0x00000000e3b0e760
R12=0x0000000011dc4f46, R13=0x000000000000000d, R14=0x0000000000000000, R15=0x0000000002265e20
RIP=0x00000000693ca940, EFLAGS=0x0000000000010202

Top of Stack: (sp=0x000000001221f878)
0x000000001221f878:   000000006970ca32 00000000ff544a40
0x000000001221f888:   0000000000000008 0000000055146540
0x000000001221f898:   00000000fd76abb0 00000000f704bfb0
0x000000001221f8a8:   000000006970d17b 00000000e3b0d450
0x000000001221f8b8:   0000000000000400 0000000000000000
0x000000001221f8c8:   0000000055146500 0000000011dc4f46
0x000000001221f8d8:   000000006970cda0 00000000e3b0e870
0x000000001221f8e8:   0000000011dc4f81 0000000055146540
0x000000001221f8f8:   00000000e09eed48 00000000e3b0e870
0x000000001221f908:   000000006970d945 00000000ff504f78
0x000000001221f918:   0000000011dc4f81 0000000055146540
0x000000001221f928:   0000000000000002 0000000055146540
0x000000001221f938:   00000000041e3418 0000000000000000
0x000000001221f948:   000000006942f747 0000000055146540
0x000000001221f958:   000000006942d903 00000000dfb6fa7d
0x000000001221f968:   00000000dfb6fa7d 00000000e09ec4d8 

Instructions: (pc=0x00000000693ca940)
0x00000000693ca920:   ac 50 1d 00 48 8b 9c 24 c0 00 00 00 48 81 c4 b0
0x00000000693ca930:   00 00 00 5d c3 cc cc cc cc cc cc cc cc cc cc cc
0x00000000693ca940:   44 8b 42 08 4c 8b ca 45 85 c0 7e 0e 41 f6 c0 01
0x00000000693ca950:   75 57 41 c1 f8 03 41 8b c0 c3 79 4d 80 3d 9e 10 


Register to memory mapping:

RAX=0x0000000000000001 is an unknown value
RBX=0x00000000ff544a80 is an oop

[error occurred during error reporting (printing register info), id 0xc0000005]

Stack: [0x0000000012120000,0x0000000012220000],  sp=0x000000001221f878,  free space=1022k
Native frames: (J=compiled Java code, j=interpreted, Vv=VM code, C=native code)
V  [jvm.dll+0x8a940]


---------------  P R O C E S S  ---------------

Java Threads: ( => current thread )
  0x0000000060191000 JavaThread "Cache worker for Java compile cache (D:\sanjaya\BMH Projects\SPApp_SAS\.gradle\4.6\javaCompile)" [_thread_blocked, id=5864, stack(0x00000000643d0000,0x00000000644d0000)]
  0x0000000060192800 JavaThread "stdout" [_thread_in_native, id=5532, stack(0x000000006b970000,0x000000006ba70000)]
  0x000000006018e000 JavaThread "stderr" [_thread_in_native, id=5212, stack(0x000000006b150000,0x000000006b250000)]
  0x0000000060191800 JavaThread "pool-80-thread-1" [_thread_blocked, id=5804, stack(0x0000000065530000,0x0000000065630000)]
  0x0000000060193000 JavaThread "Task worker for ':' Thread 3" [_thread_blocked, id=5004, stack(0x0000000065420000,0x0000000065520000)]
  0x0000000060194000 JavaThread "Task worker for ':' Thread 2" [_thread_blocked, id=5176, stack(0x0000000065030000,0x0000000065130000)]
  0x000000006018f800 JavaThread "Task worker for ':'" [_thread_blocked, id=4780, stack(0x0000000063fd0000,0x00000000640d0000)]
  0x0000000059321000 JavaThread "Cache worker for Build Output Cleanup Cache (D:\sanjaya\BMH Projects\SPApp_SAS\.gradle\buildOutputCleanup)" [_thread_blocked, id=5344, stack(0x0000000063a40000,0x0000000063b40000)]
  0x0000000059320000 JavaThread "Cache worker for task history cache (D:\sanjaya\BMH Projects\SPApp_SAS\.gradle\4.6\taskHistory)" [_thread_blocked, id=5604, stack(0x00000000632a0000,0x00000000633a0000)]
  0x00000000586bc000 JavaThread "Cache worker for file content cache (D:\sanjaya\BMH Projects\SPApp_SAS\.gradle\4.6\fileContent)" [_thread_blocked, id=5784, stack(0x0000000062480000,0x0000000062580000)]
  0x00000000586bb000 JavaThread "Build operations Thread 4" [_thread_blocked, id=5660, stack(0x000000005a990000,0x000000005aa90000)]
  0x00000000586b6800 JavaThread "Build operations Thread 3" [_thread_blocked, id=5540, stack(0x0000000062010000,0x0000000062110000)]
  0x00000000586bc800 JavaThread "Build operations Thread 2" [_thread_blocked, id=5448, stack(0x0000000060e80000,0x0000000060f80000)]
  0x00000000586b7000 JavaThread "Build operations" [_thread_blocked, id=2864, stack(0x0000000060720000,0x0000000060820000)]
  0x00000000586af000 JavaThread "Cache worker for Artifact transforms cache (C:\Users\Sanjaya_Verma\.gradle\caches\transforms-1)" [_thread_blocked, id=5808, stack(0x000000005f380000,0x000000005f480000)]
  0x00000000586b4000 JavaThread "Cache worker for file hash cache (D:\sanjaya\BMH Projects\SPApp_SAS\.gradle\4.6\fileHashes)" [_thread_blocked, id=5908, stack(0x000000005f4a0000,0x000000005f5a0000)]
  0x00000000586af800 JavaThread "Stdin handler" [_thread_blocked, id=3112, stack(0x00000000572a0000,0x00000000573a0000)]
  0x00000000586b9800 JavaThread "Asynchronous log dispatcher for DefaultDaemonConnection: socket connection from /127.0.0.1:49238 to /127.0.0.1:55974" [_thread_blocked, id=5300, stack(0x000000005b0f0000,0x000000005b1f0000)]
  0x00000000586b1000 JavaThread "Daemon worker Thread 15" [_thread_blocked, id=2392, stack(0x000000005f250000,0x000000005f350000)]
  0x00000000586ba000 JavaThread "Cancel handler" [_thread_blocked, id=3348, stack(0x000000005c5c0000,0x000000005c6c0000)]
  0x00000000586b2000 JavaThread "Handler for socket connection from /127.0.0.1:49238 to /127.0.0.1:55974" [_thread_in_native, id=5796, stack(0x000000005a2c0000,0x000000005a3c0000)]
  0x00000000586b0800 JavaThread "Daemon Thread 15" [_thread_blocked, id=3952, stack(0x000000005b430000,0x000000005b530000)]
  0x00000000586b5800 JavaThread "pool-1-thread-1" [_thread_blocked, id=1076, stack(0x000000005a870000,0x000000005a970000)]
  0x00000000586b3800 JavaThread "Memory manager" [_thread_blocked, id=1332, stack(0x000000005aac0000,0x000000005abc0000)]
  0x000000005917d800 JavaThread "File lock request listener" [_thread_in_native, id=4720, stack(0x000000005afd0000,0x000000005b0d0000)]
  0x0000000058a2e800 JavaThread "Cache worker for file hash cache (C:\Users\Sanjaya_Verma\.gradle\caches\4.6\fileHashes)" [_thread_blocked, id=3852, stack(0x000000005abe0000,0x000000005ace0000)]
  0x000000005834a800 JavaThread "Daemon periodic checks" [_thread_blocked, id=4936, stack(0x000000005a170000,0x000000005a270000)]
  0x0000000058fbb000 JavaThread "Incoming local TCP Connector on port 49238" [_thread_in_native, id=4748, stack(0x000000005a060000,0x000000005a160000)]
  0x00000000566f0800 JavaThread "Service Thread" daemon [_thread_blocked, id=3948, stack(0x0000000057160000,0x0000000057260000)]
  0x00000000551bf800 JavaThread "C1 CompilerThread2" daemon [_thread_blocked, id=3788, stack(0x0000000056ff0000,0x00000000570f0000)]
  0x000000005668b800 JavaThread "C2 CompilerThread1" daemon [_thread_blocked, id=3792, stack(0x0000000056df0000,0x0000000056ef0000)]
  0x0000000056684000 JavaThread "C2 CompilerThread0" daemon [_thread_blocked, id=3248, stack(0x0000000056cc0000,0x0000000056dc0000)]
  0x00000000551b7000 JavaThread "Attach Listener" daemon [_thread_blocked, id=4664, stack(0x0000000056b70000,0x0000000056c70000)]
  0x00000000551b6800 JavaThread "Signal Dispatcher" daemon [_thread_blocked, id=4736, stack(0x00000000560f0000,0x00000000561f0000)]
  0x0000000055198000 JavaThread "Finalizer" daemon [_thread_blocked, id=472, stack(0x0000000056580000,0x0000000056680000)]
  0x0000000055151000 JavaThread "Reference Handler" daemon [_thread_blocked, id=408, stack(0x00000000563c0000,0x00000000564c0000)]
  0x00000000000fe800 JavaThread "main" [_thread_blocked, id=1008, stack(0x0000000002530000,0x0000000002630000)]

Other Threads:
  0x0000000055149800 VMThread [stack: 0x0000000056280000,0x0000000056380000] [id=4288]
  0x0000000056702000 WatcherThread [stack: 0x00000000573b0000,0x00000000574b0000] [id=1048]

=>0x000000000226d000 (exited) GCTaskThread [stack: 0x0000000012120000,0x0000000012220000] [id=5020]

VM state:at safepoint (normal execution)

VM Mutex/Monitor currently owned by a thread:  ([mutex/lock_event])
[0x00000000000fcca0] Threads_lock - owner thread: 0x0000000055149800
[0x00000000000fd1a0] Heap_lock - owner thread: 0x00000000586b1000

Heap:
 PSYoungGen      total 210432K, used 210422K [0x00000000eab00000, 0x0000000100000000, 0x0000000100000000)
  eden space 174080K, 100% used [0x00000000eab00000,0x00000000f5500000,0x00000000f5500000)
  from space 36352K, 99% used [0x00000000fdc80000,0x00000000ffffd838,0x0000000100000000)
  to   space 87552K, 35% used [0x00000000f5500000,0x00000000f7303fb0,0x00000000faa80000)
 ParOldGen       total 686592K, used 597615K [0x00000000c0000000, 0x00000000e9e80000, 0x00000000eab00000)
  object space 686592K, 87% used [0x00000000c0000000,0x00000000e479bed0,0x00000000e9e80000)
 Metaspace       used 122775K, capacity 128118K, committed 128344K, reserved 1161216K
  class space    used 14632K, capacity 15714K, committed 15744K, reserved 1048576K

Card table byte_map: [0x0000000011cc0000,0x0000000011ed0000] byte_map_base: 0x00000000116c0000

Marking Bits: (ParMarkBitMap*) 0x0000000069b05aa0
 Begin Bits: [0x00000000125c0000, 0x00000000135c0000)
 End Bits:   [0x00000000135c0000, 0x00000000145c0000)

Polling page: 0x0000000000140000

CodeCache: size=245760Kb used=106773Kb max_used=106773Kb free=138986Kb
 bounds [0x0000000002900000, 0x00000000091f0000, 0x0000000011900000]
 total_blobs=28204 nmethods=27299 adapters=814
 compilation: enabled

Compilation events (10 events):
Event: 8894.682 Thread 0x000000005668b800 45158       4       com.sun.tools.javac.comp.Infer$IncorporationStep::isSameType (12 bytes)
Event: 8894.683 Thread 0x000000005668b800 nmethod 45158 0x0000000004894250 code [0x00000000048943a0, 0x0000000004894428]
Event: 8894.787 Thread 0x00000000551bf800 45159       3       java.lang.Integer::doubleValue (6 bytes)
Event: 8894.788 Thread 0x00000000551bf800 nmethod 45159 0x0000000009165850 code [0x00000000091659a0, 0x0000000009165af0]
Event: 8894.931 Thread 0x0000000056684000 45160       4       com.sun.tools.javac.tree.TreeTranslator::visitCatch (36 bytes)
Event: 8894.973 Thread 0x000000005668b800 45161       4       com.sun.tools.javac.jvm.ClassWriter$StackMapTableFrame$ChopFrame::write (52 bytes)
Event: 8894.986 Thread 0x000000005668b800 nmethod 45161 0x000000000919e910 code [0x000000000919ea80, 0x000000000919f1d8]
Event: 8895.000 Thread 0x0000000056684000 nmethod 45160 0x0000000009196b90 code [0x0000000009196e80, 0x0000000009198940]
Event: 8895.061 Thread 0x00000000551bf800 45162       3       com.sun.tools.javac.comp.Lower::visitEnumDef (1306 bytes)
Event: 8895.092 Thread 0x00000000551bf800 nmethod 45162 0x00000000091be890 code [0x00000000091c0020, 0x00000000091d2428]

GC Heap History (10 events):
Event: 6447.400 GC heap after
Heap after GC invocations=689 (full 18):
 PSYoungGen      total 302080K, used 128K [0x00000000eab00000, 0x00000000ff880000, 0x0000000100000000)
  eden space 268800K, 0% used [0x00000000eab00000,0x00000000eab00000,0x00000000fb180000)
  from space 33280K, 0% used [0x00000000fd800000,0x00000000fd820000,0x00000000ff880000)
  to   space 36352K, 0% used [0x00000000fb180000,0x00000000fb180000,0x00000000fd500000)
 ParOldGen       total 686592K, used 441316K [0x00000000c0000000, 0x00000000e9e80000, 0x00000000eab00000)
  object space 686592K, 64% used [0x00000000c0000000,0x00000000daef93e8,0x00000000e9e80000)
 Metaspace       used 116718K, capacity 121976K, committed 122328K, reserved 1157120K
  class space    used 13991K, capacity 15030K, committed 15104K, reserved 1048576K
}
Event: 8868.739 GC heap before
{Heap before GC invocations=690 (full 18):
 PSYoungGen      total 302080K, used 268928K [0x00000000eab00000, 0x00000000ff880000, 0x0000000100000000)
  eden space 268800K, 100% used [0x00000000eab00000,0x00000000fb180000,0x00000000fb180000)
  from space 33280K, 0% used [0x00000000fd800000,0x00000000fd820000,0x00000000ff880000)
  to   space 36352K, 0% used [0x00000000fb180000,0x00000000fb180000,0x00000000fd500000)
 ParOldGen       total 686592K, used 441316K [0x00000000c0000000, 0x00000000e9e80000, 0x00000000eab00000)
  object space 686592K, 64% used [0x00000000c0000000,0x00000000daef93e8,0x00000000e9e80000)
 Metaspace       used 116743K, capacity 122052K, committed 122328K, reserved 1157120K
  class space    used 13992K, capacity 15032K, committed 15104K, reserved 1048576K
Event: 8868.751 GC heap after
Heap after GC invocations=690 (full 18):
 PSYoungGen      total 305152K, used 3545K [0x00000000eab00000, 0x00000000ffd00000, 0x0000000100000000)
  eden space 268800K, 0% used [0x00000000eab00000,0x00000000eab00000,0x00000000fb180000)
  from space 36352K, 9% used [0x00000000fb180000,0x00000000fb4f6420,0x00000000fd500000)
  to   space 33280K, 0% used [0x00000000fdc80000,0x00000000fdc80000,0x00000000ffd00000)
 ParOldGen       total 686592K, used 441340K [0x00000000c0000000, 0x00000000e9e80000, 0x00000000eab00000)
  object space 686592K, 64% used [0x00000000c0000000,0x00000000daeff3e8,0x00000000e9e80000)
 Metaspace       used 116743K, capacity 122052K, committed 122328K, reserved 1157120K
  class space    used 13992K, capacity 15032K, committed 15104K, reserved 1048576K
}
Event: 8889.152 GC heap before
{Heap before GC invocations=691 (full 18):
 PSYoungGen      total 305152K, used 272345K [0x00000000eab00000, 0x00000000ffd00000, 0x0000000100000000)
  eden space 268800K, 100% used [0x00000000eab00000,0x00000000fb180000,0x00000000fb180000)
  from space 36352K, 9% used [0x00000000fb180000,0x00000000fb4f6420,0x00000000fd500000)
  to   space 33280K, 0% used [0x00000000fdc80000,0x00000000fdc80000,0x00000000ffd00000)
 ParOldGen       total 686592K, used 441340K [0x00000000c0000000, 0x00000000e9e80000, 0x00000000eab00000)
  object space 686592K, 64% used [0x00000000c0000000,0x00000000daeff3e8,0x00000000e9e80000)
 Metaspace       used 116930K, capacity 122262K, committed 122456K, reserved 1157120K
  class space    used 14017K, capacity 15106K, committed 15232K, reserved 1048576K
Event: 8889.179 GC heap after
Heap after GC invocations=691 (full 18):
 PSYoungGen      total 312320K, used 12540K [0x00000000eab00000, 0x00000000ffe00000, 0x0000000100000000)
  eden space 279040K, 0% used [0x00000000eab00000,0x00000000eab00000,0x00000000fbb80000)
  from space 33280K, 37% used [0x00000000fdc80000,0x00000000fe8bf278,0x00000000ffd00000)
  to   space 33792K, 0% used [0x00000000fbb80000,0x00000000fbb80000,0x00000000fdc80000)
 ParOldGen       total 686592K, used 444549K [0x00000000c0000000, 0x00000000e9e80000, 0x00000000eab00000)
  object space 686592K, 64% used [0x00000000c0000000,0x00000000db221540,0x00000000e9e80000)
 Metaspace       used 116930K, capacity 122262K, committed 122456K, reserved 1157120K
  class space    used 14017K, capacity 15106K, committed 15232K, reserved 1048576K
}
Event: 8890.899 GC heap before
{Heap before GC invocations=692 (full 18):
 PSYoungGen      total 312320K, used 291580K [0x00000000eab00000, 0x00000000ffe00000, 0x0000000100000000)
  eden space 279040K, 100% used [0x00000000eab00000,0x00000000fbb80000,0x00000000fbb80000)
  from space 33280K, 37% used [0x00000000fdc80000,0x00000000fe8bf278,0x00000000ffd00000)
  to   space 33792K, 0% used [0x00000000fbb80000,0x00000000fbb80000,0x00000000fdc80000)
 ParOldGen       total 686592K, used 444549K [0x00000000c0000000, 0x00000000e9e80000, 0x00000000eab00000)
  object space 686592K, 64% used [0x00000000c0000000,0x00000000db221540,0x00000000e9e80000)
 Metaspace       used 121390K, capacity 126742K, committed 127064K, reserved 1161216K
  class space    used 14515K, capacity 15618K, committed 15744K, reserved 1048576K
Event: 8891.033 GC heap after
Heap after GC invocations=692 (full 18):
 PSYoungGen      total 312832K, used 33764K [0x00000000eab00000, 0x0000000100000000, 0x0000000100000000)
  eden space 279040K, 0% used [0x00000000eab00000,0x00000000eab00000,0x00000000fbb80000)
  from space 33792K, 99% used [0x00000000fbb80000,0x00000000fdc791b0,0x00000000fdc80000)
  to   space 36352K, 0% used [0x00000000fdc80000,0x00000000fdc80000,0x0000000100000000)
 ParOldGen       total 686592K, used 506749K [0x00000000c0000000, 0x00000000e9e80000, 0x00000000eab00000)
  object space 686592K, 73% used [0x00000000c0000000,0x00000000deedf4a0,0x00000000e9e80000)
 Metaspace       used 121390K, capacity 126742K, committed 127064K, reserved 1161216K
  class space    used 14515K, capacity 15618K, committed 15744K, reserved 1048576K
}
Event: 8893.999 GC heap before
{Heap before GC invocations=693 (full 18):
 PSYoungGen      total 312832K, used 312804K [0x00000000eab00000, 0x0000000100000000, 0x0000000100000000)
  eden space 279040K, 100% used [0x00000000eab00000,0x00000000fbb80000,0x00000000fbb80000)
  from space 33792K, 99% used [0x00000000fbb80000,0x00000000fdc791b0,0x00000000fdc80000)
  to   space 36352K, 0% used [0x00000000fdc80000,0x00000000fdc80000,0x0000000100000000)
 ParOldGen       total 686592K, used 506749K [0x00000000c0000000, 0x00000000e9e80000, 0x00000000eab00000)
  object space 686592K, 73% used [0x00000000c0000000,0x00000000deedf4a0,0x00000000e9e80000)
 Metaspace       used 122760K, capacity 128118K, committed 128344K, reserved 1161216K
  class space    used 14631K, capacity 15714K, committed 15744K, reserved 1048576K
Event: 8894.225 GC heap after
Heap after GC invocations=693 (full 18):
 PSYoungGen      total 210432K, used 36342K [0x00000000eab00000, 0x0000000100000000, 0x0000000100000000)
  eden space 174080K, 0% used [0x00000000eab00000,0x00000000eab00000,0x00000000f5500000)
  from space 36352K, 99% used [0x00000000fdc80000,0x00000000ffffd838,0x0000000100000000)
  to   space 87552K, 0% used [0x00000000f5500000,0x00000000f5500000,0x00000000faa80000)
 ParOldGen       total 686592K, used 561668K [0x00000000c0000000, 0x00000000e9e80000, 0x00000000eab00000)
  object space 686592K, 81% used [0x00000000c0000000,0x00000000e24813f8,0x00000000e9e80000)
 Metaspace       used 122760K, capacity 128118K, committed 128344K, reserved 1161216K
  class space    used 14631K, capacity 15714K, committed 15744K, reserved 1048576K
}
Event: 8895.370 GC heap before
{Heap before GC invocations=694 (full 18):
 PSYoungGen      total 210432K, used 210422K [0x00000000eab00000, 0x0000000100000000, 0x0000000100000000)
  eden space 174080K, 100% used [0x00000000eab00000,0x00000000f5500000,0x00000000f5500000)
  from space 36352K, 99% used [0x00000000fdc80000,0x00000000ffffd838,0x0000000100000000)
  to   space 87552K, 0% used [0x00000000f5500000,0x00000000f5500000,0x00000000faa80000)
 ParOldGen       total 686592K, used 561668K [0x00000000c0000000, 0x00000000e9e80000, 0x00000000eab00000)
  object space 686592K, 81% used [0x00000000c0000000,0x00000000e24813f8,0x00000000e9e80000)
 Metaspace       used 122775K, capacity 128118K, committed 128344K, reserved 1161216K
  class space    used 14632K, capacity 15714K, committed 15744K, reserved 1048576K

Deoptimization events (10 events):
Event: 6435.573 Thread 0x0000000055198000 Uncommon trap: reason=unstable_if action=reinterpret pc=0x0000000005bccb90 method=java.util.Vector.removeElementAt(I)V @ 75
Event: 8868.670 Thread 0x00000000586b1000 Uncommon trap: reason=class_check action=maybe_recompile pc=0x000000000467681c method=com.google.common.collect.AbstractMapBasedMultimap.get(Ljava/lang/Object;)Ljava/util/Collection; @ 5
Event: 8872.700 Thread 0x000000006018f800 Uncommon trap: reason=array_check action=maybe_recompile pc=0x0000000003cf6e28 method=java.util.ComparableTimSort.mergeHi(IIII)V @ 245
Event: 8890.653 Thread 0x00000000586b1000 Uncommon trap: reason=unstable_if action=reinterpret pc=0x000000000568d834 method=org.sqlite.SQLiteJDBCLoader.contentsEquals(Ljava/io/InputStream;Ljava/io/InputStream;)Z @ 39
Event: 8891.767 Thread 0x00000000586b1000 Uncommon trap: reason=array_check action=maybe_recompile pc=0x0000000009082938 method=org.antlr.v4.runtime.misc.Array2DHashSet.getOrAddImpl(Ljava/lang/Object;)Ljava/lang/Object; @ 74
Event: 8891.768 Thread 0x00000000586b1000 Uncommon trap: reason=array_check action=maybe_recompile pc=0x0000000009082938 method=org.antlr.v4.runtime.misc.Array2DHashSet.getOrAddImpl(Ljava/lang/Object;)Ljava/lang/Object; @ 74
Event: 8891.768 Thread 0x00000000586b1000 Uncommon trap: reason=array_check action=maybe_recompile pc=0x0000000009082938 method=org.antlr.v4.runtime.misc.Array2DHashSet.getOrAddImpl(Ljava/lang/Object;)Ljava/lang/Object; @ 74
Event: 8891.768 Thread 0x00000000586b1000 Uncommon trap: reason=array_check action=maybe_recompile pc=0x0000000009082514 method=org.antlr.v4.runtime.misc.Array2DHashSet.getOrAddImpl(Ljava/lang/Object;)Ljava/lang/Object; @ 36
Event: 8891.768 Thread 0x00000000586b1000 Uncommon trap: reason=array_check action=maybe_recompile pc=0x0000000009082514 method=org.antlr.v4.runtime.misc.Array2DHashSet.getOrAddImpl(Ljava/lang/Object;)Ljava/lang/Object; @ 36
Event: 8892.449 Thread 0x00000000586b1000 Uncommon trap: reason=unstable_if action=reinterpret pc=0x0000000009136bd4 method=com.squareup.javapoet.CodeWriter.emitAndIndent(Ljava/lang/String;)Lcom/squareup/javapoet/CodeWriter; @ 106

Classes redefined (0 events):
No events

Internal exceptions (10 events):
Event: 6443.789 Thread 0x0000000060194000 Exception <a 'sun/nio/fs/WindowsException'> (0x00000000f1121fd0) thrown at [D:\src\AOSP-openjdk-cygwin\jdk8u\hotspot\src\share\vm\prims\jni.cpp, line 709]
Event: 6443.811 Thread 0x0000000060193000 Exception <a 'sun/nio/fs/WindowsException'> (0x00000000f17bfd40) thrown at [D:\src\AOSP-openjdk-cygwin\jdk8u\hotspot\src\share\vm\prims\jni.cpp, line 709]
Event: 6443.813 Thread 0x0000000060193000 Exception <a 'sun/nio/fs/WindowsException'> (0x00000000f17c4d18) thrown at [D:\src\AOSP-openjdk-cygwin\jdk8u\hotspot\src\share\vm\prims\jni.cpp, line 709]
Event: 6443.815 Thread 0x0000000060193000 Exception <a 'sun/nio/fs/WindowsException'> (0x00000000f17cba08) thrown at [D:\src\AOSP-openjdk-cygwin\jdk8u\hotspot\src\share\vm\prims\jni.cpp, line 709]
Event: 6443.818 Thread 0x0000000060193000 Exception <a 'sun/nio/fs/WindowsException'> (0x00000000f17d09b0) thrown at [D:\src\AOSP-openjdk-cygwin\jdk8u\hotspot\src\share\vm\prims\jni.cpp, line 709]
Event: 6443.822 Thread 0x0000000060193000 Exception <a 'sun/nio/fs/WindowsException'> (0x00000000f17d7c38) thrown at [D:\src\AOSP-openjdk-cygwin\jdk8u\hotspot\src\share\vm\prims\jni.cpp, line 709]
Event: 6444.067 Thread 0x000000005d142000 Exception <a 'sun/nio/fs/WindowsException'> (0x00000000f3a6fda8) thrown at [D:\src\AOSP-openjdk-cygwin\jdk8u\hotspot\src\share\vm\prims\jni.cpp, line 709]
Event: 6444.757 Thread 0x000000005d141800 Exception <a 'sun/nio/fs/WindowsException'> (0x00000000f30d1d80) thrown at [D:\src\AOSP-openjdk-cygwin\jdk8u\hotspot\src\share\vm\prims\jni.cpp, line 709]
Event: 8868.638 Thread 0x00000000586b1000 Exception <a 'sun/nio/fs/WindowsException'> (0x00000000fa3bbca8) thrown at [D:\src\AOSP-openjdk-cygwin\jdk8u\hotspot\src\share\vm\prims\jni.cpp, line 709]
Event: 8868.721 Thread 0x00000000586b1000 Exception <a 'java/lang/reflect/InvocationTargetException'> (0x00000000fabcba50) thrown at [D:\src\AOSP-openjdk-cygwin\jdk8u\hotspot\src\share\vm\runtime\reflection.cpp, line 1092]

Events (10 events):
Event: 8894.245 Executing VM operation: RevokeBias done
Event: 8894.245 Executing VM operation: RevokeBias
Event: 8894.245 Executing VM operation: RevokeBias done
Event: 8894.246 Executing VM operation: RevokeBias
Event: 8894.246 Executing VM operation: RevokeBias done
Event: 8894.246 Executing VM operation: RevokeBias
Event: 8894.246 Executing VM operation: RevokeBias done
Event: 8894.247 Executing VM operation: RevokeBias
Event: 8894.247 Executing VM operation: RevokeBias done
Event: 8895.369 Executing VM operation: ParallelGCFailedAllocation


Dynamic libraries:
0x000000013f830000 - 0x000000013f861000 	C:\Program Files\Android\Android Studio\jre\bin\java.exe
0x0000000077400000 - 0x00000000775a9000 	C:\Windows\SYSTEM32\ntdll.dll
0x00000000771e0000 - 0x00000000772ff000 	C:\Windows\system32\kernel32.dll
0x000007fefd6b0000 - 0x000007fefd71b000 	C:\Windows\system32\KERNELBASE.dll
0x000007fefeff0000 - 0x000007feff0cb000 	C:\Windows\system32\ADVAPI32.dll
0x000007feff0d0000 - 0x000007feff16f000 	C:\Windows\system32\msvcrt.dll
0x000007feff3d0000 - 0x000007feff3ef000 	C:\Windows\SYSTEM32\sechost.dll
0x000007fefed90000 - 0x000007fefeebd000 	C:\Windows\system32\RPCRT4.dll
0x0000000077300000 - 0x00000000773fa000 	C:\Windows\system32\USER32.dll
0x000007fefed20000 - 0x000007fefed87000 	C:\Windows\system32\GDI32.dll
0x000007fefd8b0000 - 0x000007fefd8be000 	C:\Windows\system32\LPK.dll
0x000007fefebb0000 - 0x000007fefec79000 	C:\Windows\system32\USP10.dll
0x000007fefbdf0000 - 0x000007fefbfe4000 	C:\Windows\WinSxS\amd64_microsoft.windows.common-controls_6595b64144ccf1df_6.0.7601.17514_none_fa396087175ac9ac\COMCTL32.dll
0x000007feff690000 - 0x000007feff701000 	C:\Windows\system32\SHLWAPI.dll
0x000007fefe6b0000 - 0x000007fefe6de000 	C:\Windows\system32\IMM32.DLL
0x000007fefeaa0000 - 0x000007fefeba9000 	C:\Windows\system32\MSCTF.dll
0x0000000065d00000 - 0x0000000065dd2000 	C:\Program Files\Android\Android Studio\jre\jre\bin\msvcr100.dll
0x0000000069340000 - 0x0000000069b81000 	C:\Program Files\Android\Android Studio\jre\jre\bin\server\jvm.dll
0x000007fefb570000 - 0x000007fefb579000 	C:\Windows\system32\WSOCK32.dll
0x000007fefe6e0000 - 0x000007fefe72d000 	C:\Windows\system32\WS2_32.dll
0x000007fefd720000 - 0x000007fefd728000 	C:\Windows\system32\NSI.dll
0x000007fefaef0000 - 0x000007fefaf2b000 	C:\Windows\system32\WINMM.dll
0x000007fefc4b0000 - 0x000007fefc4bc000 	C:\Windows\system32\VERSION.dll
0x00000000775c0000 - 0x00000000775c7000 	C:\Windows\system32\PSAPI.DLL
0x000007fef84f0000 - 0x000007fef84ff000 	C:\Program Files\Android\Android Studio\jre\jre\bin\verify.dll
0x000007fef8470000 - 0x000007fef8499000 	C:\Program Files\Android\Android Studio\jre\jre\bin\java.dll
0x000007fef8450000 - 0x000007fef8466000 	C:\Program Files\Android\Android Studio\jre\jre\bin\zip.dll
0x000007fefd8c0000 - 0x000007fefe648000 	C:\Windows\system32\SHELL32.dll
0x000007fefe730000 - 0x000007fefe933000 	C:\Windows\system32\ole32.dll
0x000007fefd350000 - 0x000007fefd35f000 	C:\Windows\system32\profapi.dll
0x000007fef2ec0000 - 0x000007fef2eda000 	C:\Program Files\Android\Android Studio\jre\jre\bin\net.dll
0x000007fefcba0000 - 0x000007fefcbf5000 	C:\Windows\system32\mswsock.dll
0x000007fefcb90000 - 0x000007fefcb97000 	C:\Windows\System32\wship6.dll
0x000007feeaf30000 - 0x000007feeaf41000 	C:\Program Files\Android\Android Studio\jre\jre\bin\nio.dll
0x000007fefa390000 - 0x000007fefa3ae000 	C:\Users\Sanjaya_Verma\.gradle\native\25\windows-amd64\native-platform.dll
0x000007fef84e0000 - 0x000007fef84ed000 	C:\Program Files\Android\Android Studio\jre\jre\bin\management.dll
0x000007fefcc00000 - 0x000007fefcc17000 	C:\Windows\system32\CRYPTSP.dll
0x000007fefc900000 - 0x000007fefc947000 	C:\Windows\system32\rsaenh.dll
0x000007fefc6a0000 - 0x000007fefc6be000 	C:\Windows\system32\USERENV.dll
0x000007fefd280000 - 0x000007fefd28f000 	C:\Windows\system32\CRYPTBASE.dll
0x000007fefa800000 - 0x000007fefa827000 	C:\Windows\system32\IPHLPAPI.DLL
0x000007fefa7f0000 - 0x000007fefa7fb000 	C:\Windows\system32\WINNSI.DLL
0x000007fefa3f0000 - 0x000007fefa408000 	C:\Windows\system32\dhcpcsvc.DLL
0x000007fefa3d0000 - 0x000007fefa3e1000 	C:\Windows\system32\dhcpcsvc6.DLL
0x000007feea730000 - 0x000007feea754000 	C:\Program Files\Android\Android Studio\jre\jre\bin\sunec.dll
0x000007fefc580000 - 0x000007fefc587000 	C:\Windows\System32\wshtcpip.dll
0x000007fefca20000 - 0x000007fefca7b000 	C:\Windows\system32\DNSAPI.dll
0x000007fef8970000 - 0x000007fef8978000 	C:\Windows\system32\rasadhlp.dll
0x000007fefa490000 - 0x000007fefa4e3000 	C:\Windows\System32\fwpuclnt.dll
0x000007feeee90000 - 0x000007feeee9b000 	C:\Program Files\Android\Android Studio\jre\jre\bin\sunmscapi.dll
0x000007fefd400000 - 0x000007fefd567000 	C:\Windows\system32\CRYPT32.dll
0x000007fefd3f0000 - 0x000007fefd3ff000 	C:\Windows\system32\MSASN1.dll
0x000007fefd220000 - 0x000007fefd277000 	C:\Windows\system32\apphelp.dll
0x0000000062f10000 - 0x0000000063002000 	C:\Users\Sanjaya_Verma\AppData\Local\Temp\room-374ee71a-11b1-421f-9c8e-93893cd4782a\sqlite-3.20.1-c5ee5898-b556-4104-b6e0-1b6cd8dad428-sqlitejdbc.dll
0x0000000063860000 - 0x0000000063952000 	C:\Users\Sanjaya_Verma\AppData\Local\Temp\room-ad617d94-7777-4a0b-bdd1-3ba99d6c4b6b\sqlite-3.20.1-242258d3-a2a7-4459-b8c4-da163e0602f1-sqlitejdbc.dll
0x000000006adc0000 - 0x000000006aeb2000 	C:\Users\Sanjaya_Verma\AppData\Local\Temp\room-de22f9df-78c1-4774-a16d-f0d6e57a5503\sqlite-3.20.1-ccc885ee-0dd4-4f9b-a6ef-a3d2d13e2ec8-sqlitejdbc.dll
0x000007fef6920000 - 0x000007fef6a45000 	C:\Windows\system32\dbghelp.dll

VM Arguments:
jvm_args: -XX:+HeapDumpOnOutOfMemoryError -Xmx1024m -Dfile.encoding=windows-1252 -Duser.country=US -Duser.language=en -Duser.variant 
java_command: org.gradle.launcher.daemon.bootstrap.GradleDaemon 4.6
java_class_path (initial): C:\Users\Sanjaya_Verma\.gradle\wrapper\dists\gradle-4.6-all\bcst21l2brirad8k2ben1letg\gradle-4.6\lib\gradle-launcher-4.6.jar
Launcher Type: SUN_STANDARD

Environment Variables:
PATH=C:\Program Files (x86)\Common Files\Oracle\Java\javapath;C:\Program Files (x86)\Intel\iCLS Client\;C:\Program Files\Intel\iCLS Client\;C:\Windows\system32;C:\Windows;C:\Windows\System32\Wbem;C:\Windows\System32\WindowsPowerShell\v1.0\;C:\Program Files\Intel\Intel(R) Management Engine Components\DAL;C:\Program Files\Intel\Intel(R) Management Engine Components\IPT;C:\Program Files (x86)\Intel\Intel(R) Management Engine Components\DAL;C:\Program Files (x86)\Intel\Intel(R) Management Engine Components\IPT;C:\Program Files (x86)\Google\Chrome\Application;C:\Users\Sanjaya_Verma\AppData\Local\Programs\Git\cmd
USERNAME=Sanjaya_Verma
OS=Windows_NT
PROCESSOR_IDENTIFIER=Intel64 Family 6 Model 69 Stepping 1, GenuineIntel



---------------  S Y S T E M  ---------------

OS: Windows 7 , 64 bit Build 7601 (6.1.7601.17514)

CPU:total 4 (initial active 4) (2 cores per cpu, 2 threads per core) family 6 model 69 stepping 1, cmov, cx8, fxsr, mmx, sse, sse2, sse3, ssse3, sse4.1, sse4.2, popcnt, avx, avx2, aes, clmul, erms, lzcnt, ht, tsc, tscinvbit, bmi1, bmi2

Memory: 4k page, physical 8289844k(1344336k free), swap 16577844k(9405768k free)

vm_info: OpenJDK 64-Bit Server VM (25.152-b06) for windows-amd64 JRE (1.8.0_152-release-1136-b06), built by "builder" with MS VC++ 10.0 (VS2010)

time: Sat Dec 01 13:53:43 2018
elapsed time: 8895 seconds (0d 2h 28m 15s)

