#
# A fatal error has been detected by the Java Runtime Environment:
#
#  EXCEPTION_ACCESS_VIOLATION (0xc0000005) at pc=0x00000000693ca940, pid=6096, tid=0x0000000000000914
#
# JRE version: OpenJDK Runtime Environment (8.0_152-b06) (build 1.8.0_152-release-1136-b06)
# Java VM: OpenJDK 64-Bit Server VM (25.152-b06 mixed mode windows-amd64 compressed oops)
# Problematic frame:
# V  [jvm.dll+0x8a940]
#
# Failed to write core dump. Minidumps are not enabled by default on client versions of Windows
#
# If you would like to submit a bug report, please visit:
#   http://bugreport.java.com/bugreport/crash.jsp
#

---------------  T H R E A D  ---------------

Current thread (0x00000000021fe800):  GCTaskThread [stack: 0x00000000122b0000,0x00000000123b0000] [id=2324]

siginfo: ExceptionCode=0xc0000005, reading address 0x0000000015b0be40

Registers:
RAX=0x0000000000000001, RBX=0x00000000f914ba80, RCX=0x00000000f914ba80, RDX=0x0000000015b0be38
RSP=0x00000000123af948, RBP=0x0000000011dcdb81, RSI=0x00000000552e67c0, RDI=0x00000000c3b6c610
R8 =0x00000000552e67c0, R9 =0x0000000000000044, R10=0x0000000000000008, R11=0x00000000fcfcfff0
R12=0x0000000011dcdb42, R13=0x0000000000000005, R14=0x0000000000000000, R15=0x00000000021f5e20
RIP=0x00000000693ca940, EFLAGS=0x0000000000010202

Top of Stack: (sp=0x00000000123af948)
0x00000000123af948:   000000006970ca32 00000000f914bab0
0x00000000123af958:   0000000000000004 00000000552e67c0
0x00000000123af968:   00000000c347ffdc 00000000fcfc8000
0x00000000123af978:   0000000000001000 00000000c6b61b00
0x00000000123af988:   0000000000000400 0000000000000000
0x00000000123af998:   00000000552e6700 0000000011dcdb42
0x00000000123af9a8:   000000006970cda0 00000000fcfcea50
0x00000000123af9b8:   0000000011dcdb81 00000000552e67c0
0x00000000123af9c8:   00000000c3b6c610 00000000fcfcea50
0x00000000123af9d8:   000000006970d945 00000000f772e998
0x00000000123af9e8:   0000000011dcdb81 00000000552e67c0
0x00000000123af9f8:   0000000000000004 00000000552e67c0
0x00000000123afa08:   000000006970c1eb 00000000c2b6f714
0x00000000123afa18:   000000006942f747 00000000c2b6f731
0x00000000123afa28:   00000000c2b6f731 00000000c26e615d
0x00000000123afa38:   00000000c26e615d 00000000c3b6bfb0 

Instructions: (pc=0x00000000693ca940)
0x00000000693ca920:   ac 50 1d 00 48 8b 9c 24 c0 00 00 00 48 81 c4 b0
0x00000000693ca930:   00 00 00 5d c3 cc cc cc cc cc cc cc cc cc cc cc
0x00000000693ca940:   44 8b 42 08 4c 8b ca 45 85 c0 7e 0e 41 f6 c0 01
0x00000000693ca950:   75 57 41 c1 f8 03 41 8b c0 c3 79 4d 80 3d 9e 10 


Register to memory mapping:

RAX=0x0000000000000001 is an unknown value
RBX=0x00000000f914ba80 is an oop

[error occurred during error reporting (printing register info), id 0xc0000005]

Stack: [0x00000000122b0000,0x00000000123b0000],  sp=0x00000000123af948,  free space=1022k
Native frames: (J=compiled Java code, j=interpreted, Vv=VM code, C=native code)
V  [jvm.dll+0x8a940]


---------------  P R O C E S S  ---------------

Java Threads: ( => current thread )
  0x00000000591b0000 JavaThread "Cache worker for Java compile cache (D:\sanjaya\BMH Projects\SPApp_SAS\.gradle\4.6\javaCompile)" [_thread_blocked, id=5576, stack(0x0000000064f90000,0x0000000065090000)]
  0x00000000591ab800 JavaThread "stdout" [_thread_in_native, id=5336, stack(0x0000000063f90000,0x0000000064090000)]
  0x00000000591ac800 JavaThread "stderr" [_thread_in_native, id=5480, stack(0x00000000656b0000,0x00000000657b0000)]
  0x00000000591a9800 JavaThread "pool-5-thread-1" [_thread_blocked, id=5704, stack(0x000000005dd10000,0x000000005de10000)]
  0x00000000591a3800 JavaThread "Task worker for ':' Thread 3" [_thread_blocked, id=5560, stack(0x0000000065490000,0x0000000065590000)]
  0x00000000591a5000 JavaThread "Task worker for ':' Thread 2" [_thread_blocked, id=2732, stack(0x0000000065370000,0x0000000065470000)]
  0x00000000591a4000 JavaThread "Task worker for ':'" [_thread_blocked, id=4124, stack(0x000000005f470000,0x000000005f570000)]
  0x00000000591a5800 JavaThread "Cache worker for Build Output Cleanup Cache (D:\sanjaya\BMH Projects\SPApp_SAS\.gradle\buildOutputCleanup)" [_thread_blocked, id=1728, stack(0x00000000651a0000,0x00000000652a0000)]
  0x00000000591a2800 JavaThread "Cache worker for task history cache (D:\sanjaya\BMH Projects\SPApp_SAS\.gradle\4.6\taskHistory)" [_thread_blocked, id=824, stack(0x0000000064c00000,0x0000000064d00000)]
  0x000000005cfb5800 JavaThread "Cache worker for file content cache (D:\sanjaya\BMH Projects\SPApp_SAS\.gradle\4.6\fileContent)" [_thread_blocked, id=5980, stack(0x0000000065090000,0x0000000065190000)]
  0x000000005cfb7800 JavaThread "Build operations Thread 4" [_thread_blocked, id=4284, stack(0x000000005b1d0000,0x000000005b2d0000)]
  0x000000005cfb9000 JavaThread "Build operations Thread 3" [_thread_blocked, id=5360, stack(0x00000000649f0000,0x0000000064af0000)]
  0x000000005cfb8800 JavaThread "Build operations Thread 2" [_thread_blocked, id=1048, stack(0x0000000063b90000,0x0000000063c90000)]
  0x000000005cfb4800 JavaThread "Build operations" [_thread_blocked, id=5544, stack(0x0000000063420000,0x0000000063520000)]
  0x00000000591b1000 JavaThread "Cache worker for Artifact transforms cache (C:\Users\Sanjaya_Verma\.gradle\caches\transforms-1)" [_thread_blocked, id=5696, stack(0x00000000632b0000,0x00000000633b0000)]
  0x000000005cfbb000 JavaThread "Cache worker for file hash cache (D:\sanjaya\BMH Projects\SPApp_SAS\.gradle\4.6\fileHashes)" [_thread_blocked, id=3808, stack(0x000000005f370000,0x000000005f470000)]
  0x000000005cfba000 JavaThread "Stdin handler" [_thread_blocked, id=2208, stack(0x000000005f1c0000,0x000000005f2c0000)]
  0x000000005cfbb800 JavaThread "Asynchronous log dispatcher for DefaultDaemonConnection: socket connection from /127.0.0.1:56109 to /127.0.0.1:56133" [_thread_blocked, id=5524, stack(0x000000005ad90000,0x000000005ae90000)]
  0x000000005cfb6000 JavaThread "Cancel handler" [_thread_blocked, id=3812, stack(0x000000005dc10000,0x000000005dd10000)]
  0x000000005cfb7000 JavaThread "Handler for socket connection from /127.0.0.1:56109 to /127.0.0.1:56133" [_thread_in_native, id=4956, stack(0x000000005ac70000,0x000000005ad70000)]
  0x00000000591aa000 JavaThread "pool-1-thread-1" [_thread_blocked, id=2444, stack(0x00000000606e0000,0x00000000607e0000)]
  0x00000000591a7000 JavaThread "Memory manager" [_thread_blocked, id=5388, stack(0x000000005de20000,0x000000005df20000)]
  0x000000005845a000 JavaThread "File lock request listener" [_thread_in_native, id=5460, stack(0x000000005a970000,0x000000005aa70000)]
  0x000000005866a000 JavaThread "Cache worker for file hash cache (C:\Users\Sanjaya_Verma\.gradle\caches\4.6\fileHashes)" [_thread_blocked, id=6140, stack(0x000000005aea0000,0x000000005afa0000)]
  0x0000000058d53800 JavaThread "Daemon worker" [_thread_blocked, id=2964, stack(0x000000005aaa0000,0x000000005aba0000)]
  0x0000000056b73800 JavaThread "Daemon" [_thread_blocked, id=4788, stack(0x000000005a0e0000,0x000000005a1e0000)]
  0x0000000058185000 JavaThread "Daemon periodic checks" [_thread_blocked, id=6100, stack(0x000000005a3b0000,0x000000005a4b0000)]
  0x000000005858a000 JavaThread "Incoming local TCP Connector on port 56109" [_thread_in_native, id=4792, stack(0x000000005a240000,0x000000005a340000)]
  0x000000005535f800 JavaThread "Service Thread" daemon [_thread_blocked, id=5644, stack(0x00000000573e0000,0x00000000574e0000)]
  0x000000005535a800 JavaThread "C1 CompilerThread2" daemon [_thread_blocked, id=5308, stack(0x0000000056450000,0x0000000056550000)]
  0x000000005686c000 JavaThread "C2 CompilerThread1" daemon [_thread_blocked, id=3288, stack(0x0000000057250000,0x0000000057350000)]
  0x0000000056865800 JavaThread "C2 CompilerThread0" daemon [_thread_blocked, id=5740, stack(0x0000000057100000,0x0000000057200000)]
  0x0000000055356000 JavaThread "Attach Listener" daemon [_thread_blocked, id=6040, stack(0x0000000056f20000,0x0000000057020000)]
  0x0000000055354800 JavaThread "Signal Dispatcher" daemon [_thread_blocked, id=4836, stack(0x0000000056de0000,0x0000000056ee0000)]
  0x000000005533e000 JavaThread "Finalizer" daemon [_thread_blocked, id=6064, stack(0x0000000056760000,0x0000000056860000)]
  0x00000000552f5000 JavaThread "Reference Handler" daemon [_thread_blocked, id=5348, stack(0x0000000056550000,0x0000000056650000)]
  0x00000000022de800 JavaThread "main" [_thread_blocked, id=1912, stack(0x0000000002620000,0x0000000002720000)]

Other Threads:
  0x00000000552e9800 VMThread [stack: 0x0000000056310000,0x0000000056410000] [id=1528]
  0x0000000056899000 WatcherThread [stack: 0x0000000057530000,0x0000000057630000] [id=444]

=>0x00000000021fe800 (exited) GCTaskThread [stack: 0x00000000122b0000,0x00000000123b0000] [id=2324]

VM state:at safepoint (normal execution)

VM Mutex/Monitor currently owned by a thread:  ([mutex/lock_event])
[0x00000000022dcca0] Threads_lock - owner thread: 0x00000000552e9800
[0x00000000022dd1a0] Heap_lock - owner thread: 0x0000000058d53800

Heap:
 PSYoungGen      total 298496K, used 298472K [0x00000000eab00000, 0x0000000100000000, 0x0000000100000000)
  eden space 247808K, 100% used [0x00000000eab00000,0x00000000f9d00000,0x00000000f9d00000)
  from space 50688K, 99% used [0x00000000f9d00000,0x00000000fce7a030,0x00000000fce80000)
  to   space 50688K, 8% used [0x00000000fce80000,0x00000000fd2d7328,0x0000000100000000)
 ParOldGen       total 236032K, used 114404K [0x00000000c0000000, 0x00000000ce680000, 0x00000000eab00000)
  object space 236032K, 48% used [0x00000000c0000000,0x00000000c6fb9340,0x00000000ce680000)
 Metaspace       used 81905K, capacity 84196K, committed 84312K, reserved 1122304K
  class space    used 10446K, capacity 11098K, committed 11136K, reserved 1048576K

Card table byte_map: [0x0000000011db0000,0x0000000011fc0000] byte_map_base: 0x00000000117b0000

Marking Bits: (ParMarkBitMap*) 0x0000000069b05aa0
 Begin Bits: [0x0000000012760000, 0x0000000013760000)
 End Bits:   [0x0000000013760000, 0x0000000014760000)

Polling page: 0x0000000000230000

CodeCache: size=245760Kb used=38829Kb max_used=38846Kb free=206930Kb
 bounds [0x00000000029f0000, 0x0000000005010000, 0x00000000119f0000]
 total_blobs=12699 nmethods=11844 adapters=766
 compilation: enabled

Compilation events (10 events):
Event: 103.458 Thread 0x000000005535a800 nmethod 14423 0x0000000005005890 code [0x0000000005005b60, 0x0000000005007138]
Event: 103.458 Thread 0x000000005535a800 14359       3       com.sun.tools.javac.tree.TreeInfo::isEnumInit (55 bytes)
Event: 103.458 Thread 0x000000005535a800 nmethod 14359 0x0000000004ffaed0 code [0x0000000004ffb060, 0x0000000004ffb4a8]
Event: 103.458 Thread 0x000000005535a800 14360       3       com.sun.tools.javac.comp.Check::checkTransparentVar (108 bytes)
Event: 103.459 Thread 0x0000000056865800 nmethod 14413 0x0000000004ffa950 code [0x0000000004ffaaa0, 0x0000000004fface8]
Event: 103.459 Thread 0x0000000056865800 14411       4       com.sun.tools.javac.comp.Attr$ResultInfo::check (21 bytes)
Event: 103.459 Thread 0x000000005535a800 nmethod 14360 0x0000000004ffa050 code [0x0000000004ffa200, 0x0000000004ffa718]
Event: 103.459 Thread 0x000000005535a800 14355       3       com.sun.tools.javac.comp.Attr::visitSelect (1210 bytes)
Event: 103.460 Thread 0x000000005686c000 nmethod 14403 0x000000000500abd0 code [0x000000000500aec0, 0x000000000500c420]
Event: 103.460 Thread 0x000000005686c000 14421       4       com.sun.tools.javac.comp.Attr::check (219 bytes)

GC Heap History (10 events):
Event: 86.401 GC heap after
Heap after GC invocations=17 (full 3):
 PSYoungGen      total 309760K, used 12303K [0x00000000eab00000, 0x0000000100000000, 0x0000000100000000)
  eden space 268800K, 0% used [0x00000000eab00000,0x00000000eab00000,0x00000000fb180000)
  from space 40960K, 30% used [0x00000000fd800000,0x00000000fe403ca0,0x0000000100000000)
  to   space 39424K, 0% used [0x00000000fb180000,0x00000000fb180000,0x00000000fd800000)
 ParOldGen       total 144896K, used 105496K [0x00000000c0000000, 0x00000000c8d80000, 0x00000000eab00000)
  object space 144896K, 72% used [0x00000000c0000000,0x00000000c6706380,0x00000000c8d80000)
 Metaspace       used 69584K, capacity 71710K, committed 71768K, reserved 1112064K
  class space    used 9159K, capacity 9817K, committed 9856K, reserved 1048576K
}
Event: 94.122 GC heap before
{Heap before GC invocations=18 (full 3):
 PSYoungGen      total 309760K, used 281103K [0x00000000eab00000, 0x0000000100000000, 0x0000000100000000)
  eden space 268800K, 100% used [0x00000000eab00000,0x00000000fb180000,0x00000000fb180000)
  from space 40960K, 30% used [0x00000000fd800000,0x00000000fe403ca0,0x0000000100000000)
  to   space 39424K, 0% used [0x00000000fb180000,0x00000000fb180000,0x00000000fd800000)
 ParOldGen       total 144896K, used 105496K [0x00000000c0000000, 0x00000000c8d80000, 0x00000000eab00000)
  object space 144896K, 72% used [0x00000000c0000000,0x00000000c6706380,0x00000000c8d80000)
 Metaspace       used 70289K, capacity 72490K, committed 72536K, reserved 1112064K
  class space    used 9204K, capacity 9839K, committed 9856K, reserved 1048576K
Event: 94.193 GC heap after
Heap after GC invocations=18 (full 3):
 PSYoungGen      total 308224K, used 39402K [0x00000000eab00000, 0x0000000100000000, 0x0000000100000000)
  eden space 268800K, 0% used [0x00000000eab00000,0x00000000eab00000,0x00000000fb180000)
  from space 39424K, 99% used [0x00000000fb180000,0x00000000fd7faad0,0x00000000fd800000)
  to   space 40960K, 0% used [0x00000000fd800000,0x00000000fd800000,0x0000000100000000)
 ParOldGen       total 144896K, used 108787K [0x00000000c0000000, 0x00000000c8d80000, 0x00000000eab00000)
  object space 144896K, 75% used [0x00000000c0000000,0x00000000c6a3cc70,0x00000000c8d80000)
 Metaspace       used 70289K, capacity 72490K, committed 72536K, reserved 1112064K
  class space    used 9204K, capacity 9839K, committed 9856K, reserved 1048576K
}
Event: 98.986 GC heap before
{Heap before GC invocations=19 (full 3):
 PSYoungGen      total 308224K, used 308202K [0x00000000eab00000, 0x0000000100000000, 0x0000000100000000)
  eden space 268800K, 100% used [0x00000000eab00000,0x00000000fb180000,0x00000000fb180000)
  from space 39424K, 99% used [0x00000000fb180000,0x00000000fd7faad0,0x00000000fd800000)
  to   space 40960K, 0% used [0x00000000fd800000,0x00000000fd800000,0x0000000100000000)
 ParOldGen       total 144896K, used 108787K [0x00000000c0000000, 0x00000000c8d80000, 0x00000000eab00000)
  object space 144896K, 75% used [0x00000000c0000000,0x00000000c6a3cc70,0x00000000c8d80000)
 Metaspace       used 74793K, capacity 77028K, committed 77272K, reserved 1116160K
  class space    used 9753K, capacity 10394K, committed 10496K, reserved 1048576K
Event: 99.106 GC heap after
Heap after GC invocations=19 (full 3):
 PSYoungGen      total 288768K, used 36653K [0x00000000eab00000, 0x0000000100000000, 0x0000000100000000)
  eden space 247808K, 0% used [0x00000000eab00000,0x00000000eab00000,0x00000000f9d00000)
  from space 40960K, 89% used [0x00000000fd800000,0x00000000ffbcb590,0x0000000100000000)
  to   space 50688K, 0% used [0x00000000f9d00000,0x00000000f9d00000,0x00000000fce80000)
 ParOldGen       total 144896K, used 131927K [0x00000000c0000000, 0x00000000c8d80000, 0x00000000eab00000)
  object space 144896K, 91% used [0x00000000c0000000,0x00000000c80d5dc8,0x00000000c8d80000)
 Metaspace       used 74793K, capacity 77028K, committed 77272K, reserved 1116160K
  class space    used 9753K, capacity 10394K, committed 10496K, reserved 1048576K
}
Event: 99.106 GC heap before
{Heap before GC invocations=20 (full 4):
 PSYoungGen      total 288768K, used 36653K [0x00000000eab00000, 0x0000000100000000, 0x0000000100000000)
  eden space 247808K, 0% used [0x00000000eab00000,0x00000000eab00000,0x00000000f9d00000)
  from space 40960K, 89% used [0x00000000fd800000,0x00000000ffbcb590,0x0000000100000000)
  to   space 50688K, 0% used [0x00000000f9d00000,0x00000000f9d00000,0x00000000fce80000)
 ParOldGen       total 144896K, used 131927K [0x00000000c0000000, 0x00000000c8d80000, 0x00000000eab00000)
  object space 144896K, 91% used [0x00000000c0000000,0x00000000c80d5dc8,0x00000000c8d80000)
 Metaspace       used 74793K, capacity 77028K, committed 77272K, reserved 1116160K
  class space    used 9753K, capacity 10394K, committed 10496K, reserved 1048576K
Event: 99.544 GC heap after
Heap after GC invocations=20 (full 4):
 PSYoungGen      total 288768K, used 0K [0x00000000eab00000, 0x0000000100000000, 0x0000000100000000)
  eden space 247808K, 0% used [0x00000000eab00000,0x00000000eab00000,0x00000000f9d00000)
  from space 40960K, 0% used [0x00000000fd800000,0x00000000fd800000,0x0000000100000000)
  to   space 50688K, 0% used [0x00000000f9d00000,0x00000000f9d00000,0x00000000fce80000)
 ParOldGen       total 236032K, used 88652K [0x00000000c0000000, 0x00000000ce680000, 0x00000000eab00000)
  object space 236032K, 37% used [0x00000000c0000000,0x00000000c56932a8,0x00000000ce680000)
 Metaspace       used 74793K, capacity 77028K, committed 77272K, reserved 1116160K
  class space    used 9753K, capacity 10394K, committed 10496K, reserved 1048576K
}
Event: 101.705 GC heap before
{Heap before GC invocations=21 (full 4):
 PSYoungGen      total 288768K, used 247808K [0x00000000eab00000, 0x0000000100000000, 0x0000000100000000)
  eden space 247808K, 100% used [0x00000000eab00000,0x00000000f9d00000,0x00000000f9d00000)
  from space 40960K, 0% used [0x00000000fd800000,0x00000000fd800000,0x0000000100000000)
  to   space 50688K, 0% used [0x00000000f9d00000,0x00000000f9d00000,0x00000000fce80000)
 ParOldGen       total 236032K, used 88652K [0x00000000c0000000, 0x00000000ce680000, 0x00000000eab00000)
  object space 236032K, 37% used [0x00000000c0000000,0x00000000c56932a8,0x00000000ce680000)
 Metaspace       used 80468K, capacity 82724K, committed 82904K, reserved 1122304K
  class space    used 10329K, capacity 10970K, committed 11008K, reserved 1048576K
Event: 101.779 GC heap after
Heap after GC invocations=21 (full 4):
 PSYoungGen      total 298496K, used 50664K [0x00000000eab00000, 0x0000000100000000, 0x0000000100000000)
  eden space 247808K, 0% used [0x00000000eab00000,0x00000000eab00000,0x00000000f9d00000)
  from space 50688K, 99% used [0x00000000f9d00000,0x00000000fce7a030,0x00000000fce80000)
  to   space 50688K, 0% used [0x00000000fce80000,0x00000000fce80000,0x0000000100000000)
 ParOldGen       total 236032K, used 107422K [0x00000000c0000000, 0x00000000ce680000, 0x00000000eab00000)
  object space 236032K, 45% used [0x00000000c0000000,0x00000000c68e7b30,0x00000000ce680000)
 Metaspace       used 80468K, capacity 82724K, committed 82904K, reserved 1122304K
  class space    used 10329K, capacity 10970K, committed 11008K, reserved 1048576K
}
Event: 103.463 GC heap before
{Heap before GC invocations=22 (full 4):
 PSYoungGen      total 298496K, used 298472K [0x00000000eab00000, 0x0000000100000000, 0x0000000100000000)
  eden space 247808K, 100% used [0x00000000eab00000,0x00000000f9d00000,0x00000000f9d00000)
  from space 50688K, 99% used [0x00000000f9d00000,0x00000000fce7a030,0x00000000fce80000)
  to   space 50688K, 0% used [0x00000000fce80000,0x00000000fce80000,0x0000000100000000)
 ParOldGen       total 236032K, used 107422K [0x00000000c0000000, 0x00000000ce680000, 0x00000000eab00000)
  object space 236032K, 45% used [0x00000000c0000000,0x00000000c68e7b30,0x00000000ce680000)
 Metaspace       used 81905K, capacity 84196K, committed 84312K, reserved 1122304K
  class space    used 10446K, capacity 11098K, committed 11136K, reserved 1048576K

Deoptimization events (10 events):
Event: 102.446 Thread 0x0000000058d53800 Uncommon trap: reason=null_check action=make_not_entrant pc=0x000000000497c94c method=com.sun.tools.javac.util.UnsharedNameTable.fromUtf([BII)Lcom/sun/tools/javac/util/Name; @ 50
Event: 102.552 Thread 0x0000000058d53800 Uncommon trap: reason=class_check action=maybe_recompile pc=0x0000000004c0b498 method=com.sun.tools.javac.code.Symbol.complete()V @ 19
Event: 102.556 Thread 0x0000000058d53800 Uncommon trap: reason=unstable_if action=reinterpret pc=0x000000000471dfc8 method=com.sun.tools.javac.code.Type$ClassType.getTypeArguments()Lcom/sun/tools/javac/util/List; @ 4
Event: 102.565 Thread 0x0000000058d53800 Uncommon trap: reason=class_check action=maybe_recompile pc=0x0000000004c0b498 method=com.sun.tools.javac.code.Symbol.complete()V @ 19
Event: 103.020 Thread 0x0000000058d53800 Uncommon trap: reason=bimorphic action=maybe_recompile pc=0x0000000004eee6ec method=com.sun.tools.javac.code.Scope.lookup(Lcom/sun/tools/javac/util/Name;Lcom/sun/tools/javac/util/Filter;)Lcom/sun/tools/javac/code/Scope$Entry; @ 49
Event: 103.021 Thread 0x0000000058d53800 Uncommon trap: reason=bimorphic action=maybe_recompile pc=0x0000000004eee6ec method=com.sun.tools.javac.code.Scope.lookup(Lcom/sun/tools/javac/util/Name;Lcom/sun/tools/javac/util/Filter;)Lcom/sun/tools/javac/code/Scope$Entry; @ 49
Event: 103.021 Thread 0x0000000058d53800 Uncommon trap: reason=bimorphic action=maybe_recompile pc=0x0000000004eee6ec method=com.sun.tools.javac.code.Scope.lookup(Lcom/sun/tools/javac/util/Name;Lcom/sun/tools/javac/util/Filter;)Lcom/sun/tools/javac/code/Scope$Entry; @ 49
Event: 103.021 Thread 0x0000000058d53800 Uncommon trap: reason=bimorphic action=maybe_recompile pc=0x0000000004eee6ec method=com.sun.tools.javac.code.Scope.lookup(Lcom/sun/tools/javac/util/Name;Lcom/sun/tools/javac/util/Filter;)Lcom/sun/tools/javac/code/Scope$Entry; @ 49
Event: 103.254 Thread 0x0000000058d53800 Uncommon trap: reason=range_check action=make_not_entrant pc=0x0000000004f007e0 method=com.sun.tools.javac.util.Convert.utf2chars([BI[CII)I @ 25
Event: 103.453 Thread 0x0000000058d53800 Uncommon trap: reason=predicate action=maybe_recompile pc=0x0000000004f86c0c method=com.sun.tools.javac.tree.TreeScanner.scan(Lcom/sun/tools/javac/util/List;)V @ 13

Classes redefined (0 events):
No events

Internal exceptions (10 events):
Event: 93.662 Thread 0x0000000058d53800 Implicit null exception at 0x00000000046dc86c to 0x00000000046dca8d
Event: 93.667 Thread 0x0000000058d53800 Implicit null exception at 0x00000000043c6e35 to 0x00000000043c8391
Event: 93.677 Thread 0x0000000058d53800 Implicit null exception at 0x00000000030e5fca to 0x00000000030e601d
Event: 93.967 Thread 0x0000000058d53800 Implicit null exception at 0x00000000044e9f74 to 0x00000000044ea8ad
Event: 94.424 Thread 0x0000000058d53800 Implicit null exception at 0x0000000003690319 to 0x0000000003690739
Event: 94.424 Thread 0x0000000058d53800 Implicit null exception at 0x0000000002d72b84 to 0x0000000002d72f35
Event: 97.799 Thread 0x0000000058d53800 Exception <a 'sun/nio/fs/WindowsException'> (0x00000000f37efd28) thrown at [D:\src\AOSP-openjdk-cygwin\jdk8u\hotspot\src\share\vm\prims\jni.cpp, line 709]
Event: 97.799 Thread 0x0000000058d53800 Implicit null exception at 0x000000000351134c to 0x00000000035117a5
Event: 99.560 Thread 0x0000000058d53800 Implicit null exception at 0x00000000049834e3 to 0x0000000004983b81
Event: 102.446 Thread 0x0000000058d53800 Implicit null exception at 0x000000000497bb46 to 0x000000000497c90d

Events (10 events):
Event: 103.373 Thread 0x0000000058d53800 DEOPT PACKING pc=0x000000000355c21b sp=0x000000005ab996f0
Event: 103.373 Thread 0x0000000058d53800 DEOPT UNPACKING pc=0x0000000002a375d0 sp=0x000000005ab99498 mode 0
Event: 103.452 Thread 0x0000000058d53800 DEOPT PACKING pc=0x00000000045ec369 sp=0x000000005ab99930
Event: 103.452 Thread 0x0000000058d53800 DEOPT UNPACKING pc=0x0000000002a375d0 sp=0x000000005ab99648 mode 0
Event: 103.453 Thread 0x0000000058d53800 Uncommon trap: trap_request=0xffffff86 fr.pc=0x0000000004f86c0c
Event: 103.453 Thread 0x0000000058d53800 DEOPT PACKING pc=0x0000000004f86c0c sp=0x000000005ab99910
Event: 103.453 Thread 0x0000000058d53800 DEOPT UNPACKING pc=0x0000000002a3557b sp=0x000000005ab998c8 mode 2
Event: 103.455 Executing VM operation: ForceSafepoint
Event: 103.456 Executing VM operation: ForceSafepoint done
Event: 103.463 Executing VM operation: ParallelGCFailedAllocation


Dynamic libraries:
0x000000013f830000 - 0x000000013f861000 	C:\Program Files\Android\Android Studio\jre\bin\java.exe
0x0000000077400000 - 0x00000000775a9000 	C:\Windows\SYSTEM32\ntdll.dll
0x00000000771e0000 - 0x00000000772ff000 	C:\Windows\system32\kernel32.dll
0x000007fefd6b0000 - 0x000007fefd71b000 	C:\Windows\system32\KERNELBASE.dll
0x000007fefeff0000 - 0x000007feff0cb000 	C:\Windows\system32\ADVAPI32.dll
0x000007feff0d0000 - 0x000007feff16f000 	C:\Windows\system32\msvcrt.dll
0x000007feff3d0000 - 0x000007feff3ef000 	C:\Windows\SYSTEM32\sechost.dll
0x000007fefed90000 - 0x000007fefeebd000 	C:\Windows\system32\RPCRT4.dll
0x0000000077300000 - 0x00000000773fa000 	C:\Windows\system32\USER32.dll
0x000007fefed20000 - 0x000007fefed87000 	C:\Windows\system32\GDI32.dll
0x000007fefd8b0000 - 0x000007fefd8be000 	C:\Windows\system32\LPK.dll
0x000007fefebb0000 - 0x000007fefec79000 	C:\Windows\system32\USP10.dll
0x000007fefbdf0000 - 0x000007fefbfe4000 	C:\Windows\WinSxS\amd64_microsoft.windows.common-controls_6595b64144ccf1df_6.0.7601.17514_none_fa396087175ac9ac\COMCTL32.dll
0x000007feff690000 - 0x000007feff701000 	C:\Windows\system32\SHLWAPI.dll
0x000007fefe6b0000 - 0x000007fefe6de000 	C:\Windows\system32\IMM32.DLL
0x000007fefeaa0000 - 0x000007fefeba9000 	C:\Windows\system32\MSCTF.dll
0x0000000065d00000 - 0x0000000065dd2000 	C:\Program Files\Android\Android Studio\jre\jre\bin\msvcr100.dll
0x0000000069340000 - 0x0000000069b81000 	C:\Program Files\Android\Android Studio\jre\jre\bin\server\jvm.dll
0x000007fefb570000 - 0x000007fefb579000 	C:\Windows\system32\WSOCK32.dll
0x000007fefe6e0000 - 0x000007fefe72d000 	C:\Windows\system32\WS2_32.dll
0x000007fefd720000 - 0x000007fefd728000 	C:\Windows\system32\NSI.dll
0x000007fefaef0000 - 0x000007fefaf2b000 	C:\Windows\system32\WINMM.dll
0x000007fefc4b0000 - 0x000007fefc4bc000 	C:\Windows\system32\VERSION.dll
0x00000000775c0000 - 0x00000000775c7000 	C:\Windows\system32\PSAPI.DLL
0x000007fef84f0000 - 0x000007fef84ff000 	C:\Program Files\Android\Android Studio\jre\jre\bin\verify.dll
0x000007fef8470000 - 0x000007fef8499000 	C:\Program Files\Android\Android Studio\jre\jre\bin\java.dll
0x000007fef8450000 - 0x000007fef8466000 	C:\Program Files\Android\Android Studio\jre\jre\bin\zip.dll
0x000007fefd8c0000 - 0x000007fefe648000 	C:\Windows\system32\SHELL32.dll
0x000007fefe730000 - 0x000007fefe933000 	C:\Windows\system32\ole32.dll
0x000007fefd350000 - 0x000007fefd35f000 	C:\Windows\system32\profapi.dll
0x000007fef2ec0000 - 0x000007fef2eda000 	C:\Program Files\Android\Android Studio\jre\jre\bin\net.dll
0x000007fefcba0000 - 0x000007fefcbf5000 	C:\Windows\system32\mswsock.dll
0x000007fefcb90000 - 0x000007fefcb97000 	C:\Windows\System32\wship6.dll
0x000007feeaf30000 - 0x000007feeaf41000 	C:\Program Files\Android\Android Studio\jre\jre\bin\nio.dll
0x000007fefa390000 - 0x000007fefa3ae000 	C:\Users\Sanjaya_Verma\.gradle\native\25\windows-amd64\native-platform.dll
0x000007fef84e0000 - 0x000007fef84ed000 	C:\Program Files\Android\Android Studio\jre\jre\bin\management.dll
0x000007fefcc00000 - 0x000007fefcc17000 	C:\Windows\system32\CRYPTSP.dll
0x000007fefc900000 - 0x000007fefc947000 	C:\Windows\system32\rsaenh.dll
0x000007fefc6a0000 - 0x000007fefc6be000 	C:\Windows\system32\USERENV.dll
0x000007fefd280000 - 0x000007fefd28f000 	C:\Windows\system32\CRYPTBASE.dll
0x000007fefa800000 - 0x000007fefa827000 	C:\Windows\system32\IPHLPAPI.DLL
0x000007fefa7f0000 - 0x000007fefa7fb000 	C:\Windows\system32\WINNSI.DLL
0x000007fefa3f0000 - 0x000007fefa408000 	C:\Windows\system32\dhcpcsvc.DLL
0x000007fefa3d0000 - 0x000007fefa3e1000 	C:\Windows\system32\dhcpcsvc6.DLL
0x000007feea730000 - 0x000007feea754000 	C:\Program Files\Android\Android Studio\jre\jre\bin\sunec.dll
0x000007fefc580000 - 0x000007fefc587000 	C:\Windows\System32\wshtcpip.dll
0x000007fefca20000 - 0x000007fefca7b000 	C:\Windows\system32\DNSAPI.dll
0x000007fef8970000 - 0x000007fef8978000 	C:\Windows\system32\rasadhlp.dll
0x000007fefa490000 - 0x000007fefa4e3000 	C:\Windows\System32\fwpuclnt.dll
0x000007feeee90000 - 0x000007feeee9b000 	C:\Program Files\Android\Android Studio\jre\jre\bin\sunmscapi.dll
0x000007fefd400000 - 0x000007fefd567000 	C:\Windows\system32\CRYPT32.dll
0x000007fefd3f0000 - 0x000007fefd3ff000 	C:\Windows\system32\MSASN1.dll
0x000007fefd220000 - 0x000007fefd277000 	C:\Windows\system32\apphelp.dll
0x000000006adc0000 - 0x000000006aeb2000 	C:\Users\Sanjaya_Verma\AppData\Local\Temp\room-419f38b6-d75b-4d1d-aae3-efd068900981\sqlite-3.20.1-609c3531-6a90-4b41-9f1e-1fb702540b71-sqlitejdbc.dll
0x000007fef6920000 - 0x000007fef6a45000 	C:\Windows\system32\dbghelp.dll

VM Arguments:
jvm_args: -XX:+HeapDumpOnOutOfMemoryError -Xmx1024m -Dfile.encoding=windows-1252 -Duser.country=US -Duser.language=en -Duser.variant 
java_command: org.gradle.launcher.daemon.bootstrap.GradleDaemon 4.6
java_class_path (initial): C:\Users\Sanjaya_Verma\.gradle\wrapper\dists\gradle-4.6-all\bcst21l2brirad8k2ben1letg\gradle-4.6\lib\gradle-launcher-4.6.jar
Launcher Type: SUN_STANDARD

Environment Variables:
PATH=C:\Program Files (x86)\Common Files\Oracle\Java\javapath;C:\Program Files (x86)\Intel\iCLS Client\;C:\Program Files\Intel\iCLS Client\;C:\Windows\system32;C:\Windows;C:\Windows\System32\Wbem;C:\Windows\System32\WindowsPowerShell\v1.0\;C:\Program Files\Intel\Intel(R) Management Engine Components\DAL;C:\Program Files\Intel\Intel(R) Management Engine Components\IPT;C:\Program Files (x86)\Intel\Intel(R) Management Engine Components\DAL;C:\Program Files (x86)\Intel\Intel(R) Management Engine Components\IPT;C:\Program Files (x86)\Google\Chrome\Application;C:\Users\Sanjaya_Verma\AppData\Local\Programs\Git\cmd
USERNAME=Sanjaya_Verma
OS=Windows_NT
PROCESSOR_IDENTIFIER=Intel64 Family 6 Model 69 Stepping 1, GenuineIntel



---------------  S Y S T E M  ---------------

OS: Windows 7 , 64 bit Build 7601 (6.1.7601.17514)

CPU:total 4 (initial active 4) (2 cores per cpu, 2 threads per core) family 6 model 69 stepping 1, cmov, cx8, fxsr, mmx, sse, sse2, sse3, ssse3, sse4.1, sse4.2, popcnt, avx, avx2, aes, clmul, erms, lzcnt, ht, tsc, tscinvbit, bmi1, bmi2

Memory: 4k page, physical 8289844k(2513624k free), swap 16577844k(10532376k free)

vm_info: OpenJDK 64-Bit Server VM (25.152-b06) for windows-amd64 JRE (1.8.0_152-release-1136-b06), built by "builder" with MS VC++ 10.0 (VS2010)

time: Sat Dec 01 13:58:12 2018
elapsed time: 103 seconds (0d 0h 1m 43s)

